2022-10-10 21:13:40,053 DEBUG matplotlib.pyplot MainThread : Loaded backend agg version unknown.
2022-10-10 21:13:40,080 INFO werkzeug MainThread :  * Running on http://127.0.0.1:5000 (Press CTRL+C to quit)
2022-10-10 21:13:41,295 INFO home Thread-1 : Info level log
2022-10-10 21:13:41,295 WARNING home Thread-1 : Warning level log
2022-10-10 21:13:41,317 DEBUG matplotlib.font_manager Thread-1 : findfont: Matching sans\-serif:style=normal:variant=normal:weight=normal:stretch=normal:size=10.0.
2022-10-10 21:13:41,318 DEBUG matplotlib.font_manager Thread-1 : findfont: score(FontEntry(fname='/home/toidface/.local/lib/python3.8/site-packages/matplotlib/mpl-data/fonts/ttf/cmsy10.ttf', name='cmsy10', style='normal', variant='normal', weight=400, stretch='normal', size='scalable')) = 10.05
2022-10-10 21:13:41,318 DEBUG matplotlib.font_manager Thread-1 : findfont: score(FontEntry(fname='/home/toidface/.local/lib/python3.8/site-packages/matplotlib/mpl-data/fonts/ttf/DejaVuSerif-Italic.ttf', name='DejaVu Serif', style='italic', variant='normal', weight=400, stretch='normal', size='scalable')) = 11.05
2022-10-10 21:13:41,318 DEBUG matplotlib.font_manager Thread-1 : findfont: score(FontEntry(fname='/home/toidface/.local/lib/python3.8/site-packages/matplotlib/mpl-data/fonts/ttf/STIXSizTwoSymReg.ttf', name='STIXSizeTwoSym', style='normal', variant='normal', weight=400, stretch='normal', size='scalable')) = 10.05
2022-10-10 21:13:41,318 DEBUG matplotlib.font_manager Thread-1 : findfont: score(FontEntry(fname='/home/toidface/.local/lib/python3.8/site-packages/matplotlib/mpl-data/fonts/ttf/STIXGeneral.ttf', name='STIXGeneral', style='normal', variant='normal', weight=400, stretch='normal', size='scalable')) = 10.05
2022-10-10 21:13:41,318 DEBUG matplotlib.font_manager Thread-1 : findfont: score(FontEntry(fname='/home/toidface/.local/lib/python3.8/site-packages/matplotlib/mpl-data/fonts/ttf/DejaVuSerif-BoldItalic.ttf', name='DejaVu Serif', style='italic', variant='normal', weight=700, stretch='normal', size='scalable')) = 11.335
2022-10-10 21:13:41,318 DEBUG matplotlib.font_manager Thread-1 : findfont: score(FontEntry(fname='/home/toidface/.local/lib/python3.8/site-packages/matplotlib/mpl-data/fonts/ttf/DejaVuSans.ttf', name='DejaVu Sans', style='normal', variant='normal', weight=400, stretch='normal', size='scalable')) = 0.05
2022-10-10 21:13:41,318 DEBUG matplotlib.font_manager Thread-1 : findfont: score(FontEntry(fname='/home/toidface/.local/lib/python3.8/site-packages/matplotlib/mpl-data/fonts/ttf/DejaVuSansMono.ttf', name='DejaVu Sans Mono', style='normal', variant='normal', weight=400, stretch='normal', size='scalable')) = 10.05
2022-10-10 21:13:41,318 DEBUG matplotlib.font_manager Thread-1 : findfont: score(FontEntry(fname='/home/toidface/.local/lib/python3.8/site-packages/matplotlib/mpl-data/fonts/ttf/STIXSizThreeSymBol.ttf', name='STIXSizeThreeSym', style='normal', variant='normal', weight=700, stretch='normal', size='scalable')) = 10.335
2022-10-10 21:13:41,318 DEBUG matplotlib.font_manager Thread-1 : findfont: score(FontEntry(fname='/home/toidface/.local/lib/python3.8/site-packages/matplotlib/mpl-data/fonts/ttf/DejaVuSerifDisplay.ttf', name='DejaVu Serif Display', style='normal', variant='normal', weight=400, stretch='normal', size='scalable')) = 10.05
2022-10-10 21:13:41,318 DEBUG matplotlib.font_manager Thread-1 : findfont: score(FontEntry(fname='/home/toidface/.local/lib/python3.8/site-packages/matplotlib/mpl-data/fonts/ttf/STIXGeneralBolIta.ttf', name='STIXGeneral', style='italic', variant='normal', weight=700, stretch='normal', size='scalable')) = 11.335
2022-10-10 21:13:41,318 DEBUG matplotlib.font_manager Thread-1 : findfont: score(FontEntry(fname='/home/toidface/.local/lib/python3.8/site-packages/matplotlib/mpl-data/fonts/ttf/STIXSizOneSymBol.ttf', name='STIXSizeOneSym', style='normal', variant='normal', weight=700, stretch='normal', size='scalable')) = 10.335
2022-10-10 21:13:41,318 DEBUG matplotlib.font_manager Thread-1 : findfont: score(FontEntry(fname='/home/toidface/.local/lib/python3.8/site-packages/matplotlib/mpl-data/fonts/ttf/DejaVuSans-Bold.ttf', name='DejaVu Sans', style='normal', variant='normal', weight=700, stretch='normal', size='scalable')) = 0.33499999999999996
2022-10-10 21:13:41,318 DEBUG matplotlib.font_manager Thread-1 : findfont: score(FontEntry(fname='/home/toidface/.local/lib/python3.8/site-packages/matplotlib/mpl-data/fonts/ttf/STIXNonUniBol.ttf', name='STIXNonUnicode', style='normal', variant='normal', weight=700, stretch='normal', size='scalable')) = 10.335
2022-10-10 21:13:41,318 DEBUG matplotlib.font_manager Thread-1 : findfont: score(FontEntry(fname='/home/toidface/.local/lib/python3.8/site-packages/matplotlib/mpl-data/fonts/ttf/STIXNonUni.ttf', name='STIXNonUnicode', style='normal', variant='normal', weight=400, stretch='normal', size='scalable')) = 10.05
2022-10-10 21:13:41,318 DEBUG matplotlib.font_manager Thread-1 : findfont: score(FontEntry(fname='/home/toidface/.local/lib/python3.8/site-packages/matplotlib/mpl-data/fonts/ttf/STIXSizOneSymReg.ttf', name='STIXSizeOneSym', style='normal', variant='normal', weight=400, stretch='normal', size='scalable')) = 10.05
2022-10-10 21:13:41,319 DEBUG matplotlib.font_manager Thread-1 : findfont: score(FontEntry(fname='/home/toidface/.local/lib/python3.8/site-packages/matplotlib/mpl-data/fonts/ttf/cmb10.ttf', name='cmb10', style='normal', variant='normal', weight=400, stretch='normal', size='scalable')) = 10.05
2022-10-10 21:13:41,319 DEBUG matplotlib.font_manager Thread-1 : findfont: score(FontEntry(fname='/home/toidface/.local/lib/python3.8/site-packages/matplotlib/mpl-data/fonts/ttf/DejaVuSansMono-Bold.ttf', name='DejaVu Sans Mono', style='normal', variant='normal', weight=700, stretch='normal', size='scalable')) = 10.335
2022-10-10 21:13:41,319 DEBUG matplotlib.font_manager Thread-1 : findfont: score(FontEntry(fname='/home/toidface/.local/lib/python3.8/site-packages/matplotlib/mpl-data/fonts/ttf/STIXSizTwoSymBol.ttf', name='STIXSizeTwoSym', style='normal', variant='normal', weight=700, stretch='normal', size='scalable')) = 10.335
2022-10-10 21:13:41,319 DEBUG matplotlib.font_manager Thread-1 : findfont: score(FontEntry(fname='/home/toidface/.local/lib/python3.8/site-packages/matplotlib/mpl-data/fonts/ttf/cmr10.ttf', name='cmr10', style='normal', variant='normal', weight=400, stretch='normal', size='scalable')) = 10.05
2022-10-10 21:13:41,319 DEBUG matplotlib.font_manager Thread-1 : findfont: score(FontEntry(fname='/home/toidface/.local/lib/python3.8/site-packages/matplotlib/mpl-data/fonts/ttf/DejaVuSansMono-BoldOblique.ttf', name='DejaVu Sans Mono', style='oblique', variant='normal', weight=700, stretch='normal', size='scalable')) = 11.335
2022-10-10 21:13:41,319 DEBUG matplotlib.font_manager Thread-1 : findfont: score(FontEntry(fname='/home/toidface/.local/lib/python3.8/site-packages/matplotlib/mpl-data/fonts/ttf/STIXSizFiveSymReg.ttf', name='STIXSizeFiveSym', style='normal', variant='normal', weight=400, stretch='normal', size='scalable')) = 10.05
2022-10-10 21:13:41,319 DEBUG matplotlib.font_manager Thread-1 : findfont: score(FontEntry(fname='/home/toidface/.local/lib/python3.8/site-packages/matplotlib/mpl-data/fonts/ttf/STIXNonUniBolIta.ttf', name='STIXNonUnicode', style='italic', variant='normal', weight=700, stretch='normal', size='scalable')) = 11.335
2022-10-10 21:13:41,319 DEBUG matplotlib.font_manager Thread-1 : findfont: score(FontEntry(fname='/home/toidface/.local/lib/python3.8/site-packages/matplotlib/mpl-data/fonts/ttf/STIXGeneralItalic.ttf', name='STIXGeneral', style='italic', variant='normal', weight=400, stretch='normal', size='scalable')) = 11.05
2022-10-10 21:13:41,319 DEBUG matplotlib.font_manager Thread-1 : findfont: score(FontEntry(fname='/home/toidface/.local/lib/python3.8/site-packages/matplotlib/mpl-data/fonts/ttf/cmex10.ttf', name='cmex10', style='normal', variant='normal', weight=400, stretch='normal', size='scalable')) = 10.05
2022-10-10 21:13:41,319 DEBUG matplotlib.font_manager Thread-1 : findfont: score(FontEntry(fname='/home/toidface/.local/lib/python3.8/site-packages/matplotlib/mpl-data/fonts/ttf/STIXSizFourSymReg.ttf', name='STIXSizeFourSym', style='normal', variant='normal', weight=400, stretch='normal', size='scalable')) = 10.05
2022-10-10 21:13:41,319 DEBUG matplotlib.font_manager Thread-1 : findfont: score(FontEntry(fname='/home/toidface/.local/lib/python3.8/site-packages/matplotlib/mpl-data/fonts/ttf/STIXSizThreeSymReg.ttf', name='STIXSizeThreeSym', style='normal', variant='normal', weight=400, stretch='normal', size='scalable')) = 10.05
2022-10-10 21:13:41,319 DEBUG matplotlib.font_manager Thread-1 : findfont: score(FontEntry(fname='/home/toidface/.local/lib/python3.8/site-packages/matplotlib/mpl-data/fonts/ttf/DejaVuSerif-Bold.ttf', name='DejaVu Serif', style='normal', variant='normal', weight=700, stretch='normal', size='scalable')) = 10.335
2022-10-10 21:13:41,319 DEBUG matplotlib.font_manager Thread-1 : findfont: score(FontEntry(fname='/home/toidface/.local/lib/python3.8/site-packages/matplotlib/mpl-data/fonts/ttf/STIXNonUniIta.ttf', name='STIXNonUnicode', style='italic', variant='normal', weight=400, stretch='normal', size='scalable')) = 11.05
2022-10-10 21:13:41,319 DEBUG matplotlib.font_manager Thread-1 : findfont: score(FontEntry(fname='/home/toidface/.local/lib/python3.8/site-packages/matplotlib/mpl-data/fonts/ttf/DejaVuSansDisplay.ttf', name='DejaVu Sans Display', style='normal', variant='normal', weight=400, stretch='normal', size='scalable')) = 10.05
2022-10-10 21:13:41,319 DEBUG matplotlib.font_manager Thread-1 : findfont: score(FontEntry(fname='/home/toidface/.local/lib/python3.8/site-packages/matplotlib/mpl-data/fonts/ttf/DejaVuSansMono-Oblique.ttf', name='DejaVu Sans Mono', style='oblique', variant='normal', weight=400, stretch='normal', size='scalable')) = 11.05
2022-10-10 21:13:41,319 DEBUG matplotlib.font_manager Thread-1 : findfont: score(FontEntry(fname='/home/toidface/.local/lib/python3.8/site-packages/matplotlib/mpl-data/fonts/ttf/cmss10.ttf', name='cmss10', style='normal', variant='normal', weight=400, stretch='normal', size='scalable')) = 10.05
2022-10-10 21:13:41,319 DEBUG matplotlib.font_manager Thread-1 : findfont: score(FontEntry(fname='/home/toidface/.local/lib/python3.8/site-packages/matplotlib/mpl-data/fonts/ttf/DejaVuSans-BoldOblique.ttf', name='DejaVu Sans', style='oblique', variant='normal', weight=700, stretch='normal', size='scalable')) = 1.335
2022-10-10 21:13:41,319 DEBUG matplotlib.font_manager Thread-1 : findfont: score(FontEntry(fname='/home/toidface/.local/lib/python3.8/site-packages/matplotlib/mpl-data/fonts/ttf/cmtt10.ttf', name='cmtt10', style='normal', variant='normal', weight=400, stretch='normal', size='scalable')) = 10.05
2022-10-10 21:13:41,320 DEBUG matplotlib.font_manager Thread-1 : findfont: score(FontEntry(fname='/home/toidface/.local/lib/python3.8/site-packages/matplotlib/mpl-data/fonts/ttf/cmmi10.ttf', name='cmmi10', style='normal', variant='normal', weight=400, stretch='normal', size='scalable')) = 10.05
2022-10-10 21:13:41,320 DEBUG matplotlib.font_manager Thread-1 : findfont: score(FontEntry(fname='/home/toidface/.local/lib/python3.8/site-packages/matplotlib/mpl-data/fonts/ttf/DejaVuSans-Oblique.ttf', name='DejaVu Sans', style='oblique', variant='normal', weight=400, stretch='normal', size='scalable')) = 1.05
2022-10-10 21:13:41,320 DEBUG matplotlib.font_manager Thread-1 : findfont: score(FontEntry(fname='/home/toidface/.local/lib/python3.8/site-packages/matplotlib/mpl-data/fonts/ttf/STIXSizFourSymBol.ttf', name='STIXSizeFourSym', style='normal', variant='normal', weight=700, stretch='normal', size='scalable')) = 10.335
2022-10-10 21:13:41,320 DEBUG matplotlib.font_manager Thread-1 : findfont: score(FontEntry(fname='/home/toidface/.local/lib/python3.8/site-packages/matplotlib/mpl-data/fonts/ttf/DejaVuSerif.ttf', name='DejaVu Serif', style='normal', variant='normal', weight=400, stretch='normal', size='scalable')) = 10.05
2022-10-10 21:13:41,320 DEBUG matplotlib.font_manager Thread-1 : findfont: score(FontEntry(fname='/home/toidface/.local/lib/python3.8/site-packages/matplotlib/mpl-data/fonts/ttf/STIXGeneralBol.ttf', name='STIXGeneral', style='normal', variant='normal', weight=700, stretch='normal', size='scalable')) = 10.335
2022-10-10 21:13:41,320 DEBUG matplotlib.font_manager Thread-1 : findfont: score(FontEntry(fname='/usr/share/fonts/truetype/freefont/FreeSerif.ttf', name='FreeSerif', style='normal', variant='normal', weight=400, stretch='normal', size='scalable')) = 10.05
2022-10-10 21:13:41,320 DEBUG matplotlib.font_manager Thread-1 : findfont: score(FontEntry(fname='/usr/share/fonts/truetype/droid/DroidSansFallbackFull.ttf', name='Droid Sans Fallback', style='normal', variant='normal', weight=400, stretch='normal', size='scalable')) = 10.05
2022-10-10 21:13:41,320 DEBUG matplotlib.font_manager Thread-1 : findfont: score(FontEntry(fname='/usr/share/fonts/truetype/ubuntu/Ubuntu-Th.ttf', name='Ubuntu', style='normal', variant='normal', weight=250, stretch='normal', size='scalable')) = 10.1925
2022-10-10 21:13:41,320 DEBUG matplotlib.font_manager Thread-1 : findfont: score(FontEntry(fname='/usr/share/fonts/truetype/tlwg/TlwgTypewriter.ttf', name='Tlwg Typewriter', style='normal', variant='normal', weight=400, stretch='normal', size='scalable')) = 10.05
2022-10-10 21:13:41,320 DEBUG matplotlib.font_manager Thread-1 : findfont: score(FontEntry(fname='/usr/share/fonts/truetype/samyak-fonts/Samyak-Gujarati.ttf', name='Samyak Gujarati', style='normal', variant='normal', weight=500, stretch='normal', size='scalable')) = 10.145
2022-10-10 21:13:41,320 DEBUG matplotlib.font_manager Thread-1 : findfont: score(FontEntry(fname='/usr/share/fonts/truetype/liberation2/LiberationSans-Bold.ttf', name='Liberation Sans', style='normal', variant='normal', weight=700, stretch='normal', size='scalable')) = 10.335
2022-10-10 21:13:41,320 DEBUG matplotlib.font_manager Thread-1 : findfont: score(FontEntry(fname='/usr/share/fonts/truetype/padauk/PadaukBook-Regular.ttf', name='Padauk Book', style='normal', variant='normal', weight=400, stretch='normal', size='scalable')) = 10.05
2022-10-10 21:13:41,320 DEBUG matplotlib.font_manager Thread-1 : findfont: score(FontEntry(fname='/usr/share/fonts/truetype/tlwg/Norasi-Bold.ttf', name='Norasi', style='normal', variant='normal', weight=700, stretch='normal', size='scalable')) = 10.335
2022-10-10 21:13:41,320 DEBUG matplotlib.font_manager Thread-1 : findfont: score(FontEntry(fname='/usr/share/fonts/truetype/tlwg/Umpush-BoldOblique.ttf', name='Umpush', style='oblique', variant='normal', weight=700, stretch='normal', size='scalable')) = 11.335
2022-10-10 21:13:41,320 DEBUG matplotlib.font_manager Thread-1 : findfont: score(FontEntry(fname='/usr/share/fonts/truetype/tlwg/Sawasdee-Bold.ttf', name='Sawasdee', style='normal', variant='normal', weight=700, stretch='normal', size='scalable')) = 10.335
2022-10-10 21:13:41,320 DEBUG matplotlib.font_manager Thread-1 : findfont: score(FontEntry(fname='/usr/share/fonts/truetype/kacst/KacstLetter.ttf', name='KacstLetter', style='normal', variant='normal', weight=500, stretch='normal', size='scalable')) = 10.145
2022-10-10 21:13:41,320 DEBUG matplotlib.font_manager Thread-1 : findfont: score(FontEntry(fname='/usr/share/fonts/truetype/tlwg/Loma-BoldOblique.ttf', name='Loma', style='oblique', variant='normal', weight=700, stretch='normal', size='scalable')) = 11.335
2022-10-10 21:13:41,320 DEBUG matplotlib.font_manager Thread-1 : findfont: score(FontEntry(fname='/usr/share/fonts/truetype/tlwg/Laksaman-Bold.ttf', name='Laksaman', style='normal', variant='normal', weight=700, stretch='normal', size='scalable')) = 10.335
2022-10-10 21:13:41,320 DEBUG matplotlib.font_manager Thread-1 : findfont: score(FontEntry(fname='/usr/share/fonts/truetype/samyak/Samyak-Devanagari.ttf', name='Samyak Devanagari', style='normal', variant='normal', weight=500, stretch='normal', size='scalable')) = 10.145
2022-10-10 21:13:41,321 DEBUG matplotlib.font_manager Thread-1 : findfont: score(FontEntry(fname='/usr/share/fonts/truetype/fonts-yrsa-rasa/Yrsa-Light.ttf', name='Yrsa', style='normal', variant='normal', weight=300, stretch='normal', size='scalable')) = 10.145
2022-10-10 21:13:41,321 DEBUG matplotlib.font_manager Thread-1 : findfont: score(FontEntry(fname='/usr/share/fonts/truetype/pagul/Pagul.ttf', name='Pagul', style='normal', variant='normal', weight=400, stretch='normal', size='scalable')) = 10.05
2022-10-10 21:13:41,321 DEBUG matplotlib.font_manager Thread-1 : findfont: score(FontEntry(fname='/usr/share/fonts/opentype/mathjax/MathJax_Size2-Regular.otf', name='MathJax_Size2', style='normal', variant='normal', weight=400, stretch='normal', size='scalable')) = 10.05
2022-10-10 21:13:41,321 DEBUG matplotlib.font_manager Thread-1 : findfont: score(FontEntry(fname='/usr/share/fonts/truetype/lao/Phetsarath_OT.ttf', name='Phetsarath OT', style='normal', variant='normal', weight=400, stretch='normal', size='scalable')) = 10.05
2022-10-10 21:13:41,321 DEBUG matplotlib.font_manager Thread-1 : findfont: score(FontEntry(fname='/usr/share/fonts/truetype/lohit-bengali/Lohit-Bengali.ttf', name='Lohit Bengali', style='normal', variant='normal', weight=400, stretch='normal', size='scalable')) = 10.05
2022-10-10 21:13:41,321 DEBUG matplotlib.font_manager Thread-1 : findfont: score(FontEntry(fname='/usr/share/fonts/truetype/ttf-bitstream-vera/VeraSeBd.ttf', name='Bitstream Vera Serif', style='normal', variant='normal', weight=700, stretch='normal', size='scalable')) = 10.335
2022-10-10 21:13:41,321 DEBUG matplotlib.font_manager Thread-1 : findfont: score(FontEntry(fname='/usr/share/fonts/truetype/liberation/LiberationSans-Bold.ttf', name='Liberation Sans', style='normal', variant='normal', weight=700, stretch='normal', size='scalable')) = 10.335
2022-10-10 21:13:41,321 DEBUG matplotlib.font_manager Thread-1 : findfont: score(FontEntry(fname='/usr/share/fonts/truetype/ubuntu/Ubuntu-L.ttf', name='Ubuntu', style='normal', variant='normal', weight=300, stretch='normal', size='scalable')) = 10.145
2022-10-10 21:13:41,321 DEBUG matplotlib.font_manager Thread-1 : findfont: score(FontEntry(fname='/usr/share/fonts/opentype/urw-base35/NimbusRoman-Italic.otf', name='Nimbus Roman', style='italic', variant='normal', weight=400, stretch='normal', size='scalable')) = 11.05
2022-10-10 21:13:41,321 DEBUG matplotlib.font_manager Thread-1 : findfont: score(FontEntry(fname='/usr/share/fonts/opentype/noto/NotoSansCJK-Regular.ttc', name='Noto Sans CJK JP', style='normal', variant='normal', weight=400, stretch='normal', size='scalable')) = 10.05
2022-10-10 21:13:41,321 DEBUG matplotlib.font_manager Thread-1 : findfont: score(FontEntry(fname='/usr/share/fonts/truetype/kacst/mry_KacstQurn.ttf', name='mry_KacstQurn', style='normal', variant='normal', weight=400, stretch='normal', size='scalable')) = 10.05
2022-10-10 21:13:41,321 DEBUG matplotlib.font_manager Thread-1 : findfont: score(FontEntry(fname='/usr/share/fonts/truetype/lohit-telugu/Lohit-Telugu.ttf', name='Lohit Telugu', style='normal', variant='normal', weight=400, stretch='normal', size='scalable')) = 10.05
2022-10-10 21:13:41,321 DEBUG matplotlib.font_manager Thread-1 : findfont: score(FontEntry(fname='/usr/share/fonts/truetype/ttf-bitstream-vera/VeraMoIt.ttf', name='Bitstream Vera Sans Mono', style='oblique', variant='normal', weight=400, stretch='normal', size='scalable')) = 11.05
2022-10-10 21:13:41,321 DEBUG matplotlib.font_manager Thread-1 : findfont: score(FontEntry(fname='/usr/share/fonts/truetype/tlwg/TlwgTypist-BoldOblique.ttf', name='Tlwg Typist', style='oblique', variant='normal', weight=700, stretch='normal', size='scalable')) = 11.335
2022-10-10 21:13:41,321 DEBUG matplotlib.font_manager Thread-1 : findfont: score(FontEntry(fname='/usr/share/fonts/truetype/fonts-yrsa-rasa/Yrsa-Medium.ttf', name='Yrsa', style='normal', variant='normal', weight=500, stretch='normal', size='scalable')) = 10.145
2022-10-10 21:13:41,321 DEBUG matplotlib.font_manager Thread-1 : findfont: score(FontEntry(fname='/usr/share/fonts/truetype/tlwg/Waree.ttf', name='Waree', style='normal', variant='normal', weight=400, stretch='normal', size='scalable')) = 10.05
2022-10-10 21:13:41,321 DEBUG matplotlib.font_manager Thread-1 : findfont: score(FontEntry(fname='/usr/share/fonts/truetype/freefont/FreeSerifItalic.ttf', name='FreeSerif', style='italic', variant='normal', weight=400, stretch='normal', size='scalable')) = 11.05
2022-10-10 21:13:41,321 DEBUG matplotlib.font_manager Thread-1 : findfont: score(FontEntry(fname='/usr/share/fonts/truetype/tlwg/Norasi-Oblique.ttf', name='Norasi', style='oblique', variant='normal', weight=400, stretch='normal', size='scalable')) = 11.05
2022-10-10 21:13:41,321 DEBUG matplotlib.font_manager Thread-1 : findfont: score(FontEntry(fname='/usr/share/fonts/opentype/mathjax/MathJax_SansSerif-Bold.otf', name='MathJax_SansSerif', style='normal', variant='normal', weight=700, stretch='normal', size='scalable')) = 10.335
2022-10-10 21:13:41,322 DEBUG matplotlib.font_manager Thread-1 : findfont: score(FontEntry(fname='/usr/share/fonts/truetype/liberation/LiberationSerif-Italic.ttf', name='Liberation Serif', style='italic', variant='normal', weight=400, stretch='normal', size='scalable')) = 11.05
2022-10-10 21:13:41,322 DEBUG matplotlib.font_manager Thread-1 : findfont: score(FontEntry(fname='/usr/share/fonts/truetype/ttf-khmeros-core/KhmerOS.ttf', name='Khmer OS', style='normal', variant='normal', weight=400, stretch='normal', size='scalable')) = 10.05
2022-10-10 21:13:41,322 DEBUG matplotlib.font_manager Thread-1 : findfont: score(FontEntry(fname='/usr/share/fonts/truetype/fonts-yrsa-rasa/Rasa-Medium.ttf', name='Rasa', style='normal', variant='normal', weight=500, stretch='normal', size='scalable')) = 10.145
2022-10-10 21:13:41,322 DEBUG matplotlib.font_manager Thread-1 : findfont: score(FontEntry(fname='/usr/share/fonts/opentype/urw-base35/URWGothic-Demi.otf', name='URW Gothic', style='normal', variant='normal', weight=600, stretch='normal', size='scalable')) = 10.24
2022-10-10 21:13:41,322 DEBUG matplotlib.font_manager Thread-1 : findfont: score(FontEntry(fname='/usr/share/fonts/truetype/fonts-yrsa-rasa/Yrsa-Regular.ttf', name='Yrsa', style='normal', variant='normal', weight=400, stretch='normal', size='scalable')) = 10.05
2022-10-10 21:13:41,322 DEBUG matplotlib.font_manager Thread-1 : findfont: score(FontEntry(fname='/usr/share/fonts/opentype/urw-base35/NimbusSansNarrow-Regular.otf', name='Nimbus Sans Narrow', style='normal', variant='normal', weight=400, stretch='condensed', size='scalable')) = 10.25
2022-10-10 21:13:41,322 DEBUG matplotlib.font_manager Thread-1 : findfont: score(FontEntry(fname='/usr/share/fonts/opentype/urw-base35/NimbusMonoPS-Bold.otf', name='Nimbus Mono PS', style='normal', variant='normal', weight=700, stretch='normal', size='scalable')) = 10.335
2022-10-10 21:13:41,322 DEBUG matplotlib.font_manager Thread-1 : findfont: score(FontEntry(fname='/usr/share/fonts/opentype/urw-base35/NimbusRoman-Bold.otf', name='Nimbus Roman', style='normal', variant='normal', weight=700, stretch='normal', size='scalable')) = 10.335
2022-10-10 21:13:41,322 DEBUG matplotlib.font_manager Thread-1 : findfont: score(FontEntry(fname='/usr/share/fonts/truetype/tlwg/TlwgTypewriter-BoldOblique.ttf', name='Tlwg Typewriter', style='oblique', variant='normal', weight=700, stretch='normal', size='scalable')) = 11.335
2022-10-10 21:13:41,322 DEBUG matplotlib.font_manager Thread-1 : findfont: score(FontEntry(fname='/usr/share/fonts/opentype/mathjax/MathJax_Size3-Regular.otf', name='MathJax_Size3', style='normal', variant='normal', weight=400, stretch='normal', size='scalable')) = 10.05
2022-10-10 21:13:41,322 DEBUG matplotlib.font_manager Thread-1 : findfont: score(FontEntry(fname='/usr/share/fonts/truetype/ubuntu/UbuntuMono-R.ttf', name='Ubuntu Mono', style='normal', variant='normal', weight=400, stretch='normal', size='scalable')) = 10.05
2022-10-10 21:13:41,322 DEBUG matplotlib.font_manager Thread-1 : findfont: score(FontEntry(fname='/usr/share/fonts/opentype/urw-base35/P052-Roman.otf', name='P052', style='normal', variant='normal', weight=400, stretch='normal', size='scalable')) = 10.05
2022-10-10 21:13:41,322 DEBUG matplotlib.font_manager Thread-1 : findfont: score(FontEntry(fname='/usr/share/fonts/opentype/urw-base35/URWGothic-BookOblique.otf', name='URW Gothic', style='oblique', variant='normal', weight=400, stretch='normal', size='scalable')) = 11.05
2022-10-10 21:13:41,322 DEBUG matplotlib.font_manager Thread-1 : findfont: score(FontEntry(fname='/usr/share/fonts/truetype/samyak-fonts/Samyak-Tamil.ttf', name='Samyak Tamil', style='normal', variant='normal', weight=500, stretch='normal', size='scalable')) = 10.145
2022-10-10 21:13:41,322 DEBUG matplotlib.font_manager Thread-1 : findfont: score(FontEntry(fname='/usr/share/fonts/truetype/ubuntu/Ubuntu-B.ttf', name='Ubuntu', style='normal', variant='normal', weight=700, stretch='normal', size='scalable')) = 10.335
2022-10-10 21:13:41,322 DEBUG matplotlib.font_manager Thread-1 : findfont: score(FontEntry(fname='/usr/share/fonts/opentype/urw-base35/P052-Bold.otf', name='P052', style='normal', variant='normal', weight=700, stretch='normal', size='scalable')) = 10.335
2022-10-10 21:13:41,322 DEBUG matplotlib.font_manager Thread-1 : findfont: score(FontEntry(fname='/usr/share/fonts/truetype/malayalam/Karumbi-Regular.ttf', name='Karumbi', style='normal', variant='normal', weight=400, stretch='normal', size='scalable')) = 10.05
2022-10-10 21:13:41,322 DEBUG matplotlib.font_manager Thread-1 : findfont: score(FontEntry(fname='/usr/share/fonts/truetype/lyx/wasy10.ttf', name='wasy10', style='normal', variant='normal', weight=400, stretch='normal', size='scalable')) = 10.05
2022-10-10 21:13:41,322 DEBUG matplotlib.font_manager Thread-1 : findfont: score(FontEntry(fname='/usr/share/fonts/opentype/urw-base35/URWBookman-LightItalic.otf', name='URW Bookman', style='italic', variant='normal', weight=300, stretch='normal', size='scalable')) = 11.145
2022-10-10 21:13:41,323 DEBUG matplotlib.font_manager Thread-1 : findfont: score(FontEntry(fname='/usr/share/fonts/opentype/malayalam/Gayathri-Thin.otf', name='Gayathri', style='normal', variant='normal', weight=100, stretch='normal', size='scalable')) = 10.335
2022-10-10 21:13:41,323 DEBUG matplotlib.font_manager Thread-1 : findfont: score(FontEntry(fname='/usr/share/fonts/truetype/ttf-bitstream-vera/VeraIt.ttf', name='Bitstream Vera Sans', style='oblique', variant='normal', weight=400, stretch='normal', size='scalable')) = 1.9590909090909092
2022-10-10 21:13:41,323 DEBUG matplotlib.font_manager Thread-1 : findfont: score(FontEntry(fname='/usr/share/fonts/opentype/mathjax/MathJax_AMS-Regular.otf', name='MathJax_AMS', style='normal', variant='normal', weight=400, stretch='normal', size='scalable')) = 10.05
2022-10-10 21:13:41,323 DEBUG matplotlib.font_manager Thread-1 : findfont: score(FontEntry(fname='/usr/share/fonts/truetype/dejavu/DejaVuSansMono.ttf', name='DejaVu Sans Mono', style='normal', variant='normal', weight=400, stretch='normal', size='scalable')) = 10.05
2022-10-10 21:13:41,323 DEBUG matplotlib.font_manager Thread-1 : findfont: score(FontEntry(fname='/usr/share/fonts/truetype/liberation2/LiberationSans-Italic.ttf', name='Liberation Sans', style='italic', variant='normal', weight=400, stretch='normal', size='scalable')) = 11.05
2022-10-10 21:13:41,323 DEBUG matplotlib.font_manager Thread-1 : findfont: score(FontEntry(fname='/usr/share/fonts/truetype/fonts-yrsa-rasa/Rasa-SemiBold.ttf', name='Rasa', style='normal', variant='normal', weight=600, stretch='normal', size='scalable')) = 10.24
2022-10-10 21:13:41,323 DEBUG matplotlib.font_manager Thread-1 : findfont: score(FontEntry(fname='/usr/share/fonts/truetype/ubuntu/Ubuntu-R.ttf', name='Ubuntu', style='normal', variant='normal', weight=400, stretch='normal', size='scalable')) = 10.05
2022-10-10 21:13:41,323 DEBUG matplotlib.font_manager Thread-1 : findfont: score(FontEntry(fname='/usr/share/fonts/truetype/liberation2/LiberationMono-Italic.ttf', name='Liberation Mono', style='italic', variant='normal', weight=400, stretch='normal', size='scalable')) = 11.05
2022-10-10 21:13:41,323 DEBUG matplotlib.font_manager Thread-1 : findfont: score(FontEntry(fname='/usr/share/fonts/truetype/malayalam/Rachana-Bold.ttf', name='Rachana', style='normal', variant='normal', weight=700, stretch='normal', size='scalable')) = 10.335
2022-10-10 21:13:41,323 DEBUG matplotlib.font_manager Thread-1 : findfont: score(FontEntry(fname='/usr/share/fonts/truetype/tlwg/TlwgMono-Bold.ttf', name='Tlwg Mono', style='normal', variant='normal', weight=700, stretch='normal', size='scalable')) = 10.335
2022-10-10 21:13:41,323 DEBUG matplotlib.font_manager Thread-1 : findfont: score(FontEntry(fname='/usr/share/fonts/truetype/tlwg/Loma-Oblique.ttf', name='Loma', style='oblique', variant='normal', weight=400, stretch='normal', size='scalable')) = 11.05
2022-10-10 21:13:41,323 DEBUG matplotlib.font_manager Thread-1 : findfont: score(FontEntry(fname='/usr/share/fonts/opentype/urw-base35/C059-Bold.otf', name='C059', style='normal', variant='normal', weight=700, stretch='normal', size='scalable')) = 10.335
2022-10-10 21:13:41,323 DEBUG matplotlib.font_manager Thread-1 : findfont: score(FontEntry(fname='/usr/share/fonts/truetype/kacst/KacstOffice.ttf', name='KacstOffice', style='normal', variant='normal', weight=500, stretch='normal', size='scalable')) = 10.145
2022-10-10 21:13:41,323 DEBUG matplotlib.font_manager Thread-1 : findfont: score(FontEntry(fname='/usr/share/fonts/truetype/abyssinica/AbyssinicaSIL-Regular.ttf', name='Abyssinica SIL', style='normal', variant='normal', weight=400, stretch='normal', size='scalable')) = 10.05
2022-10-10 21:13:41,323 DEBUG matplotlib.font_manager Thread-1 : findfont: score(FontEntry(fname='/usr/share/fonts/truetype/dejavu/DejaVuSans.ttf', name='DejaVu Sans', style='normal', variant='normal', weight=400, stretch='normal', size='scalable')) = 0.05
2022-10-10 21:13:41,323 DEBUG matplotlib.font_manager Thread-1 : findfont: score(FontEntry(fname='/usr/share/fonts/truetype/freefont/FreeSerifBold.ttf', name='FreeSerif', style='normal', variant='normal', weight=700, stretch='normal', size='scalable')) = 10.335
2022-10-10 21:13:41,323 DEBUG matplotlib.font_manager Thread-1 : findfont: score(FontEntry(fname='/usr/share/fonts/truetype/kacst/KacstTitle.ttf', name='KacstTitle', style='normal', variant='normal', weight=500, stretch='normal', size='scalable')) = 10.145
2022-10-10 21:13:41,323 DEBUG matplotlib.font_manager Thread-1 : findfont: score(FontEntry(fname='/usr/share/fonts/opentype/urw-base35/NimbusMonoPS-BoldItalic.otf', name='Nimbus Mono PS', style='italic', variant='normal', weight=700, stretch='normal', size='scalable')) = 11.335
2022-10-10 21:13:41,323 DEBUG matplotlib.font_manager Thread-1 : findfont: score(FontEntry(fname='/usr/share/fonts/truetype/tlwg/Umpush-Bold.ttf', name='Umpush', style='normal', variant='normal', weight=700, stretch='normal', size='scalable')) = 10.335
2022-10-10 21:13:41,323 DEBUG matplotlib.font_manager Thread-1 : findfont: score(FontEntry(fname='/usr/share/fonts/truetype/tlwg/TlwgMono.ttf', name='Tlwg Mono', style='normal', variant='normal', weight=400, stretch='normal', size='scalable')) = 10.05
2022-10-10 21:13:41,323 DEBUG matplotlib.font_manager Thread-1 : findfont: score(FontEntry(fname='/usr/share/fonts/truetype/tlwg/Laksaman-Italic.ttf', name='Laksaman', style='italic', variant='normal', weight=400, stretch='normal', size='scalable')) = 11.05
2022-10-10 21:13:41,324 DEBUG matplotlib.font_manager Thread-1 : findfont: score(FontEntry(fname='/usr/share/fonts/opentype/urw-base35/NimbusSansNarrow-Bold.otf', name='Nimbus Sans Narrow', style='normal', variant='normal', weight=700, stretch='condensed', size='scalable')) = 10.535
2022-10-10 21:13:41,324 DEBUG matplotlib.font_manager Thread-1 : findfont: score(FontEntry(fname='/usr/share/fonts/opentype/mathjax/MathJax_Script-Regular.otf', name='MathJax_Script', style='normal', variant='normal', weight=400, stretch='normal', size='scalable')) = 10.05
2022-10-10 21:13:41,324 DEBUG matplotlib.font_manager Thread-1 : findfont: score(FontEntry(fname='/usr/share/fonts/truetype/ubuntu/Ubuntu-RI.ttf', name='Ubuntu', style='italic', variant='normal', weight=400, stretch='normal', size='scalable')) = 11.05
2022-10-10 21:13:41,324 DEBUG matplotlib.font_manager Thread-1 : findfont: score(FontEntry(fname='/usr/share/fonts/truetype/tlwg/Sawasdee-BoldOblique.ttf', name='Sawasdee', style='oblique', variant='normal', weight=700, stretch='normal', size='scalable')) = 11.335
2022-10-10 21:13:41,324 DEBUG matplotlib.font_manager Thread-1 : findfont: score(FontEntry(fname='/usr/share/fonts/truetype/malayalam/Dyuthi-Regular.ttf', name='Dyuthi', style='normal', variant='normal', weight=400, stretch='normal', size='scalable')) = 10.05
2022-10-10 21:13:41,324 DEBUG matplotlib.font_manager Thread-1 : findfont: score(FontEntry(fname='/usr/share/fonts/opentype/mathjax/MathJax_SansSerif-Italic.otf', name='MathJax_SansSerif', style='italic', variant='normal', weight=400, stretch='normal', size='scalable')) = 11.05
2022-10-10 21:13:41,324 DEBUG matplotlib.font_manager Thread-1 : findfont: score(FontEntry(fname='/usr/share/fonts/truetype/ubuntu/Ubuntu-MI.ttf', name='Ubuntu', style='italic', variant='normal', weight=500, stretch='normal', size='scalable')) = 11.145
2022-10-10 21:13:41,324 DEBUG matplotlib.font_manager Thread-1 : findfont: score(FontEntry(fname='/usr/share/fonts/opentype/urw-base35/C059-Roman.otf', name='C059', style='normal', variant='normal', weight=400, stretch='normal', size='scalable')) = 10.05
2022-10-10 21:13:41,324 DEBUG matplotlib.font_manager Thread-1 : findfont: score(FontEntry(fname='/usr/share/fonts/truetype/tlwg/TlwgTypo.ttf', name='Tlwg Typo', style='normal', variant='normal', weight=400, stretch='normal', size='scalable')) = 10.05
2022-10-10 21:13:41,324 DEBUG matplotlib.font_manager Thread-1 : findfont: score(FontEntry(fname='/usr/share/fonts/opentype/mathjax/MathJax_Caligraphic-Bold.otf', name='MathJax_Caligraphic', style='normal', variant='normal', weight=700, stretch='normal', size='scalable')) = 10.335
2022-10-10 21:13:41,324 DEBUG matplotlib.font_manager Thread-1 : findfont: score(FontEntry(fname='/usr/share/fonts/truetype/Gubbi/Gubbi.ttf', name='Gubbi', style='normal', variant='normal', weight=400, stretch='normal', size='scalable')) = 10.05
2022-10-10 21:13:41,324 DEBUG matplotlib.font_manager Thread-1 : findfont: score(FontEntry(fname='/usr/share/fonts/truetype/tlwg/TlwgTypist-Oblique.ttf', name='Tlwg Typist', style='oblique', variant='normal', weight=400, stretch='normal', size='scalable')) = 11.05
2022-10-10 21:13:41,324 DEBUG matplotlib.font_manager Thread-1 : findfont: score(FontEntry(fname='/usr/share/fonts/opentype/urw-base35/C059-BdIta.otf', name='C059', style='italic', variant='normal', weight=700, stretch='normal', size='scalable')) = 11.335
2022-10-10 21:13:41,324 DEBUG matplotlib.font_manager Thread-1 : findfont: score(FontEntry(fname='/usr/share/fonts/truetype/tlwg/TlwgTypo-Bold.ttf', name='Tlwg Typo', style='normal', variant='normal', weight=700, stretch='normal', size='scalable')) = 10.335
2022-10-10 21:13:41,324 DEBUG matplotlib.font_manager Thread-1 : findfont: score(FontEntry(fname='/usr/share/fonts/truetype/malayalam/Rachana-Regular.ttf', name='Rachana', style='normal', variant='normal', weight=400, stretch='normal', size='scalable')) = 10.05
2022-10-10 21:13:41,324 DEBUG matplotlib.font_manager Thread-1 : findfont: score(FontEntry(fname='/usr/share/fonts/truetype/ttf-bitstream-vera/VeraSe.ttf', name='Bitstream Vera Serif', style='normal', variant='normal', weight=400, stretch='normal', size='scalable')) = 10.05
2022-10-10 21:13:41,324 DEBUG matplotlib.font_manager Thread-1 : findfont: score(FontEntry(fname='/usr/share/fonts/truetype/tlwg/Waree-Bold.ttf', name='Waree', style='normal', variant='normal', weight=700, stretch='normal', size='scalable')) = 10.335
2022-10-10 21:13:41,324 DEBUG matplotlib.font_manager Thread-1 : findfont: score(FontEntry(fname='/usr/share/fonts/truetype/freefont/FreeSansBoldOblique.ttf', name='FreeSans', style='oblique', variant='normal', weight=600, stretch='normal', size='scalable')) = 11.24
2022-10-10 21:13:41,324 DEBUG matplotlib.font_manager Thread-1 : findfont: score(FontEntry(fname='/usr/share/fonts/opentype/mathjax/MathJax_Vector-Regular.otf', name='MathJax_Vector', style='normal', variant='normal', weight=500, stretch='normal', size='scalable')) = 10.145
2022-10-10 21:13:41,324 DEBUG matplotlib.font_manager Thread-1 : findfont: score(FontEntry(fname='/usr/share/fonts/truetype/ubuntu/UbuntuMono-RI.ttf', name='Ubuntu Mono', style='italic', variant='normal', weight=400, stretch='normal', size='scalable')) = 11.05
2022-10-10 21:13:41,325 DEBUG matplotlib.font_manager Thread-1 : findfont: score(FontEntry(fname='/usr/share/fonts/truetype/tlwg/Garuda-BoldOblique.ttf', name='Garuda', style='oblique', variant='normal', weight=700, stretch='normal', size='scalable')) = 11.335
2022-10-10 21:13:41,325 DEBUG matplotlib.font_manager Thread-1 : findfont: score(FontEntry(fname='/usr/share/fonts/truetype/dejavu/DejaVuSerif.ttf', name='DejaVu Serif', style='normal', variant='normal', weight=400, stretch='normal', size='scalable')) = 10.05
2022-10-10 21:13:41,325 DEBUG matplotlib.font_manager Thread-1 : findfont: score(FontEntry(fname='/usr/share/fonts/opentype/mathjax/MathJax_Main-Bold.otf', name='MathJax_Main', style='normal', variant='normal', weight=700, stretch='normal', size='scalable')) = 10.335
2022-10-10 21:13:41,325 DEBUG matplotlib.font_manager Thread-1 : findfont: score(FontEntry(fname='/usr/share/fonts/truetype/freefont/FreeMonoBold.ttf', name='FreeMono', style='normal', variant='normal', weight=700, stretch='normal', size='scalable')) = 10.335
2022-10-10 21:13:41,325 DEBUG matplotlib.font_manager Thread-1 : findfont: score(FontEntry(fname='/usr/share/fonts/truetype/lyx/cmr10.ttf', name='cmr10', style='normal', variant='normal', weight=400, stretch='normal', size='scalable')) = 10.05
2022-10-10 21:13:41,325 DEBUG matplotlib.font_manager Thread-1 : findfont: score(FontEntry(fname='/usr/share/fonts/truetype/lohit-oriya/Lohit-Odia.ttf', name='Lohit Odia', style='normal', variant='normal', weight=400, stretch='normal', size='scalable')) = 10.05
2022-10-10 21:13:41,325 DEBUG matplotlib.font_manager Thread-1 : findfont: score(FontEntry(fname='/usr/share/fonts/truetype/tlwg/TlwgTypist-Bold.ttf', name='Tlwg Typist', style='normal', variant='normal', weight=700, stretch='normal', size='scalable')) = 10.335
2022-10-10 21:13:41,325 DEBUG matplotlib.font_manager Thread-1 : findfont: score(FontEntry(fname='/usr/share/fonts/truetype/Sahadeva/sahadeva.ttf', name='Sahadeva', style='normal', variant='normal', weight=400, stretch='normal', size='scalable')) = 10.05
2022-10-10 21:13:41,325 DEBUG matplotlib.font_manager Thread-1 : findfont: score(FontEntry(fname='/usr/share/fonts/truetype/tlwg/TlwgTypo-Oblique.ttf', name='Tlwg Typo', style='oblique', variant='normal', weight=400, stretch='normal', size='scalable')) = 11.05
2022-10-10 21:13:41,325 DEBUG matplotlib.font_manager Thread-1 : findfont: score(FontEntry(fname='/usr/share/fonts/opentype/mathjax/MathJax_Size1-Regular.otf', name='MathJax_Size1', style='normal', variant='normal', weight=400, stretch='normal', size='scalable')) = 10.05
2022-10-10 21:13:41,325 DEBUG matplotlib.font_manager Thread-1 : findfont: score(FontEntry(fname='/usr/share/fonts/opentype/mathjax/MathJax_Main-Regular.otf', name='MathJax_Main', style='normal', variant='normal', weight=400, stretch='normal', size='scalable')) = 10.05
2022-10-10 21:13:41,325 DEBUG matplotlib.font_manager Thread-1 : findfont: score(FontEntry(fname='/usr/share/fonts/opentype/urw-base35/NimbusSansNarrow-Oblique.otf', name='Nimbus Sans Narrow', style='oblique', variant='normal', weight=400, stretch='condensed', size='scalable')) = 11.25
2022-10-10 21:13:41,325 DEBUG matplotlib.font_manager Thread-1 : findfont: score(FontEntry(fname='/usr/share/fonts/truetype/lohit-devanagari/Lohit-Devanagari.ttf', name='Lohit Devanagari', style='normal', variant='normal', weight=400, stretch='normal', size='scalable')) = 10.05
2022-10-10 21:13:41,325 DEBUG matplotlib.font_manager Thread-1 : findfont: score(FontEntry(fname='/usr/share/fonts/truetype/malayalam/Keraleeyam-Regular.ttf', name='Keraleeyam', style='normal', variant='normal', weight=400, stretch='normal', size='scalable')) = 10.05
2022-10-10 21:13:41,325 DEBUG matplotlib.font_manager Thread-1 : findfont: score(FontEntry(fname='/usr/share/fonts/truetype/lyx/cmsy10.ttf', name='cmsy10', style='normal', variant='normal', weight=400, stretch='normal', size='scalable')) = 10.05
2022-10-10 21:13:41,325 DEBUG matplotlib.font_manager Thread-1 : findfont: score(FontEntry(fname='/usr/share/fonts/truetype/fonts-beng-extra/mitra.ttf', name='Mitra Mono', style='normal', variant='normal', weight=400, stretch='normal', size='scalable')) = 10.05
2022-10-10 21:13:41,325 DEBUG matplotlib.font_manager Thread-1 : findfont: score(FontEntry(fname='/usr/share/fonts/truetype/tlwg/Purisa-Bold.ttf', name='Purisa', style='normal', variant='normal', weight=700, stretch='normal', size='scalable')) = 10.335
2022-10-10 21:13:41,325 DEBUG matplotlib.font_manager Thread-1 : findfont: score(FontEntry(fname='/usr/share/fonts/truetype/lohit-punjabi/Lohit-Gurmukhi.ttf', name='Lohit Gurmukhi', style='normal', variant='normal', weight=400, stretch='normal', size='scalable')) = 10.05
2022-10-10 21:13:41,325 DEBUG matplotlib.font_manager Thread-1 : findfont: score(FontEntry(fname='/usr/share/fonts/truetype/ubuntu/Ubuntu-C.ttf', name='Ubuntu Condensed', style='normal', variant='normal', weight=400, stretch='condensed', size='scalable')) = 10.25
2022-10-10 21:13:41,325 DEBUG matplotlib.font_manager Thread-1 : findfont: score(FontEntry(fname='/usr/share/fonts/truetype/fonts-beng-extra/JamrulNormal.ttf', name='Jamrul', style='normal', variant='normal', weight=500, stretch='normal', size='scalable')) = 10.145
2022-10-10 21:13:41,325 DEBUG matplotlib.font_manager Thread-1 : findfont: score(FontEntry(fname='/usr/share/fonts/opentype/urw-base35/NimbusSansNarrow-BoldOblique.otf', name='Nimbus Sans Narrow', style='oblique', variant='normal', weight=700, stretch='condensed', size='scalable')) = 11.535
2022-10-10 21:13:41,326 DEBUG matplotlib.font_manager Thread-1 : findfont: score(FontEntry(fname='/usr/share/fonts/opentype/noto/NotoSerifCJK-Regular.ttc', name='Noto Serif CJK JP', style='normal', variant='normal', weight=400, stretch='normal', size='scalable')) = 10.05
2022-10-10 21:13:41,326 DEBUG matplotlib.font_manager Thread-1 : findfont: score(FontEntry(fname='/usr/share/fonts/truetype/tlwg/Garuda-Bold.ttf', name='Garuda', style='normal', variant='normal', weight=700, stretch='normal', size='scalable')) = 10.335
2022-10-10 21:13:41,326 DEBUG matplotlib.font_manager Thread-1 : findfont: score(FontEntry(fname='/usr/share/fonts/truetype/freefont/FreeMonoOblique.ttf', name='FreeMono', style='oblique', variant='normal', weight=400, stretch='normal', size='scalable')) = 11.05
2022-10-10 21:13:41,326 DEBUG matplotlib.font_manager Thread-1 : findfont: score(FontEntry(fname='/usr/share/fonts/truetype/malayalam/Meera-Regular.ttf', name='Meera', style='normal', variant='normal', weight=400, stretch='normal', size='scalable')) = 10.05
2022-10-10 21:13:41,326 DEBUG matplotlib.font_manager Thread-1 : findfont: score(FontEntry(fname='/usr/share/fonts/opentype/mathjax/MathJax_Math-Regular.otf', name='MathJax_Math', style='normal', variant='normal', weight=400, stretch='normal', size='scalable')) = 10.05
2022-10-10 21:13:41,326 DEBUG matplotlib.font_manager Thread-1 : findfont: score(FontEntry(fname='/usr/share/fonts/truetype/liberation/LiberationSans-Regular.ttf', name='Liberation Sans', style='normal', variant='normal', weight=400, stretch='normal', size='scalable')) = 10.05
2022-10-10 21:13:41,326 DEBUG matplotlib.font_manager Thread-1 : findfont: score(FontEntry(fname='/usr/share/fonts/truetype/liberation/LiberationSerif-Regular.ttf', name='Liberation Serif', style='normal', variant='normal', weight=400, stretch='normal', size='scalable')) = 10.05
2022-10-10 21:13:41,326 DEBUG matplotlib.font_manager Thread-1 : findfont: score(FontEntry(fname='/usr/share/fonts/truetype/kacst-one/KacstOne.ttf', name='KacstOne', style='normal', variant='normal', weight=400, stretch='normal', size='scalable')) = 10.05
2022-10-10 21:13:41,326 DEBUG matplotlib.font_manager Thread-1 : findfont: score(FontEntry(fname='/usr/share/fonts/opentype/malayalam/Manjari-Regular.otf', name='Manjari', style='normal', variant='normal', weight=400, stretch='normal', size='scalable')) = 10.05
2022-10-10 21:13:41,326 DEBUG matplotlib.font_manager Thread-1 : findfont: score(FontEntry(fname='/usr/share/fonts/truetype/fonts-deva-extra/kalimati.ttf', name='Kalimati', style='normal', variant='normal', weight=400, stretch='normal', size='scalable')) = 10.05
2022-10-10 21:13:41,326 DEBUG matplotlib.font_manager Thread-1 : findfont: score(FontEntry(fname='/usr/share/fonts/opentype/urw-base35/NimbusRoman-BoldItalic.otf', name='Nimbus Roman', style='italic', variant='normal', weight=700, stretch='normal', size='scalable')) = 11.335
2022-10-10 21:13:41,326 DEBUG matplotlib.font_manager Thread-1 : findfont: score(FontEntry(fname='/usr/share/fonts/truetype/tlwg/TlwgTypo-BoldOblique.ttf', name='Tlwg Typo', style='oblique', variant='normal', weight=700, stretch='normal', size='scalable')) = 11.335
2022-10-10 21:13:41,326 DEBUG matplotlib.font_manager Thread-1 : findfont: score(FontEntry(fname='/usr/share/fonts/truetype/lohit-gujarati/Lohit-Gujarati.ttf', name='Lohit Gujarati', style='normal', variant='normal', weight=400, stretch='normal', size='scalable')) = 10.05
2022-10-10 21:13:41,326 DEBUG matplotlib.font_manager Thread-1 : findfont: score(FontEntry(fname='/usr/share/fonts/truetype/malayalam/RaghuMalayalamSans-Regular.ttf', name='RaghuMalayalamSans', style='normal', variant='normal', weight=400, stretch='normal', size='scalable')) = 10.05
2022-10-10 21:13:41,326 DEBUG matplotlib.font_manager Thread-1 : findfont: score(FontEntry(fname='/usr/share/fonts/truetype/lohit-assamese/Lohit-Assamese.ttf', name='Lohit Assamese', style='normal', variant='normal', weight=400, stretch='normal', size='scalable')) = 10.05
2022-10-10 21:13:41,326 DEBUG matplotlib.font_manager Thread-1 : findfont: score(FontEntry(fname='/usr/share/fonts/truetype/tlwg/Norasi-Italic.ttf', name='Norasi', style='italic', variant='normal', weight=400, stretch='normal', size='scalable')) = 11.05
2022-10-10 21:13:41,326 DEBUG matplotlib.font_manager Thread-1 : findfont: score(FontEntry(fname='/usr/share/fonts/truetype/ttf-bitstream-vera/VeraBI.ttf', name='Bitstream Vera Sans', style='oblique', variant='normal', weight=700, stretch='normal', size='scalable')) = 2.244090909090909
2022-10-10 21:13:41,326 DEBUG matplotlib.font_manager Thread-1 : findfont: score(FontEntry(fname='/usr/share/fonts/truetype/tlwg/Umpush-Oblique.ttf', name='Umpush', style='oblique', variant='normal', weight=400, stretch='normal', size='scalable')) = 11.05
2022-10-10 21:13:41,326 DEBUG matplotlib.font_manager Thread-1 : findfont: score(FontEntry(fname='/usr/share/fonts/truetype/fonts-beng-extra/LikhanNormal.ttf', name='Likhan', style='normal', variant='normal', weight=500, stretch='normal', size='scalable')) = 10.145
2022-10-10 21:13:41,326 DEBUG matplotlib.font_manager Thread-1 : findfont: score(FontEntry(fname='/usr/share/fonts/truetype/liberation/LiberationMono-BoldItalic.ttf', name='Liberation Mono', style='italic', variant='normal', weight=700, stretch='normal', size='scalable')) = 11.335
2022-10-10 21:13:41,326 DEBUG matplotlib.font_manager Thread-1 : findfont: score(FontEntry(fname='/usr/share/fonts/opentype/mathjax/MathJax_Fraktur-Regular.otf', name='MathJax_Fraktur', style='normal', variant='normal', weight=400, stretch='normal', size='scalable')) = 10.05
2022-10-10 21:13:41,327 DEBUG matplotlib.font_manager Thread-1 : findfont: score(FontEntry(fname='/usr/share/fonts/truetype/kacst/KacstPoster.ttf', name='KacstPoster', style='normal', variant='normal', weight=500, stretch='normal', size='scalable')) = 10.145
2022-10-10 21:13:41,327 DEBUG matplotlib.font_manager Thread-1 : findfont: score(FontEntry(fname='/usr/share/fonts/truetype/sinhala/lklug.ttf', name='LKLUG', style='normal', variant='normal', weight=400, stretch='normal', size='scalable')) = 10.05
2022-10-10 21:13:41,327 DEBUG matplotlib.font_manager Thread-1 : findfont: score(FontEntry(fname='/usr/share/fonts/truetype/tlwg/Garuda-Oblique.ttf', name='Garuda', style='oblique', variant='normal', weight=400, stretch='normal', size='scalable')) = 11.05
2022-10-10 21:13:41,327 DEBUG matplotlib.font_manager Thread-1 : findfont: score(FontEntry(fname='/usr/share/fonts/truetype/ubuntu/UbuntuMono-BI.ttf', name='Ubuntu Mono', style='italic', variant='normal', weight=700, stretch='normal', size='scalable')) = 11.335
2022-10-10 21:13:41,327 DEBUG matplotlib.font_manager Thread-1 : findfont: score(FontEntry(fname='/usr/share/fonts/truetype/liberation2/LiberationSerif-Italic.ttf', name='Liberation Serif', style='italic', variant='normal', weight=400, stretch='normal', size='scalable')) = 11.05
2022-10-10 21:13:41,327 DEBUG matplotlib.font_manager Thread-1 : findfont: score(FontEntry(fname='/usr/share/fonts/opentype/mathjax/MathJax_Math-Italic.otf', name='MathJax_Math', style='italic', variant='normal', weight=400, stretch='normal', size='scalable')) = 11.05
2022-10-10 21:13:41,327 DEBUG matplotlib.font_manager Thread-1 : findfont: score(FontEntry(fname='/usr/share/fonts/truetype/liberation/LiberationSans-Italic.ttf', name='Liberation Sans', style='italic', variant='normal', weight=400, stretch='normal', size='scalable')) = 11.05
2022-10-10 21:13:41,327 DEBUG matplotlib.font_manager Thread-1 : findfont: score(FontEntry(fname='/usr/share/fonts/truetype/fonts-gujr-extra/padmaa.ttf', name='padmaa', style='normal', variant='normal', weight=500, stretch='normal', size='scalable')) = 10.145
2022-10-10 21:13:41,327 DEBUG matplotlib.font_manager Thread-1 : findfont: score(FontEntry(fname='/usr/share/fonts/opentype/malayalam/Manjari-Thin.otf', name='Manjari', style='normal', variant='normal', weight=100, stretch='normal', size='scalable')) = 10.335
2022-10-10 21:13:41,327 DEBUG matplotlib.font_manager Thread-1 : findfont: score(FontEntry(fname='/usr/share/fonts/truetype/tlwg/Umpush-LightOblique.ttf', name='Umpush', style='oblique', variant='normal', weight=300, stretch='normal', size='scalable')) = 11.145
2022-10-10 21:13:41,327 DEBUG matplotlib.font_manager Thread-1 : findfont: score(FontEntry(fname='/usr/share/fonts/truetype/lyx/msam10.ttf', name='msam10', style='normal', variant='normal', weight=400, stretch='normal', size='scalable')) = 10.05
2022-10-10 21:13:41,327 DEBUG matplotlib.font_manager Thread-1 : findfont: score(FontEntry(fname='/usr/share/fonts/truetype/tlwg/Laksaman-BoldItalic.ttf', name='Laksaman', style='italic', variant='normal', weight=700, stretch='normal', size='scalable')) = 11.335
2022-10-10 21:13:41,327 DEBUG matplotlib.font_manager Thread-1 : findfont: score(FontEntry(fname='/usr/share/fonts/truetype/lohit-tamil/Lohit-Tamil.ttf', name='Lohit Tamil', style='normal', variant='normal', weight=400, stretch='normal', size='scalable')) = 10.05
2022-10-10 21:13:41,327 DEBUG matplotlib.font_manager Thread-1 : findfont: score(FontEntry(fname='/usr/share/fonts/truetype/liberation2/LiberationMono-Regular.ttf', name='Liberation Mono', style='normal', variant='normal', weight=400, stretch='normal', size='scalable')) = 10.05
2022-10-10 21:13:41,327 DEBUG matplotlib.font_manager Thread-1 : findfont: score(FontEntry(fname='/usr/share/fonts/truetype/liberation2/LiberationMono-Bold.ttf', name='Liberation Mono', style='normal', variant='normal', weight=700, stretch='normal', size='scalable')) = 10.335
2022-10-10 21:13:41,327 DEBUG matplotlib.font_manager Thread-1 : findfont: score(FontEntry(fname='/usr/share/fonts/opentype/mathjax/MathJax_Vector-Bold.otf', name='MathJax_Vector-Bold', style='normal', variant='normal', weight=500, stretch='normal', size='scalable')) = 10.145
2022-10-10 21:13:41,327 DEBUG matplotlib.font_manager Thread-1 : findfont: score(FontEntry(fname='/usr/share/fonts/opentype/mathjax/MathJax_Caligraphic-Regular.otf', name='MathJax_Caligraphic', style='normal', variant='normal', weight=400, stretch='normal', size='scalable')) = 10.05
2022-10-10 21:13:41,327 DEBUG matplotlib.font_manager Thread-1 : findfont: score(FontEntry(fname='/usr/share/fonts/opentype/noto/NotoSerifCJK-Bold.ttc', name='Noto Serif CJK JP', style='normal', variant='normal', weight=700, stretch='normal', size='scalable')) = 10.335
2022-10-10 21:13:41,328 DEBUG matplotlib.font_manager Thread-1 : findfont: score(FontEntry(fname='/usr/share/fonts/truetype/lyx/msbm10.ttf', name='msbm10', style='normal', variant='normal', weight=400, stretch='normal', size='scalable')) = 10.05
2022-10-10 21:13:41,328 DEBUG matplotlib.font_manager Thread-1 : findfont: score(FontEntry(fname='/usr/share/fonts/truetype/liberation/LiberationSans-BoldItalic.ttf', name='Liberation Sans', style='italic', variant='normal', weight=700, stretch='normal', size='scalable')) = 11.335
2022-10-10 21:13:41,328 DEBUG matplotlib.font_manager Thread-1 : findfont: score(FontEntry(fname='/usr/share/fonts/truetype/tlwg/Laksaman.ttf', name='Laksaman', style='normal', variant='normal', weight=400, stretch='normal', size='scalable')) = 10.05
2022-10-10 21:13:41,328 DEBUG matplotlib.font_manager Thread-1 : findfont: score(FontEntry(fname='/usr/share/fonts/truetype/lohit-tamil-classical/Lohit-Tamil-Classical.ttf', name='Lohit Tamil Classical', style='normal', variant='normal', weight=400, stretch='normal', size='scalable')) = 10.05
2022-10-10 21:13:41,328 DEBUG matplotlib.font_manager Thread-1 : findfont: score(FontEntry(fname='/usr/share/fonts/truetype/fonts-telu-extra/Pothana2000.ttf', name='Pothana2000', style='normal', variant='normal', weight=400, stretch='normal', size='scalable')) = 10.05
2022-10-10 21:13:41,328 DEBUG matplotlib.font_manager Thread-1 : findfont: score(FontEntry(fname='/usr/share/fonts/truetype/fonts-gujr-extra/aakar-medium.ttf', name='aakar', style='normal', variant='normal', weight=500, stretch='normal', size='scalable')) = 10.145
2022-10-10 21:13:41,328 DEBUG matplotlib.font_manager Thread-1 : findfont: score(FontEntry(fname='/usr/share/fonts/opentype/urw-base35/NimbusRoman-Regular.otf', name='Nimbus Roman', style='normal', variant='normal', weight=400, stretch='normal', size='scalable')) = 10.05
2022-10-10 21:13:41,328 DEBUG matplotlib.font_manager Thread-1 : findfont: score(FontEntry(fname='/usr/share/fonts/truetype/lyx/stmary10.ttf', name='stmary10', style='normal', variant='normal', weight=400, stretch='normal', size='scalable')) = 10.05
2022-10-10 21:13:41,328 DEBUG matplotlib.font_manager Thread-1 : findfont: score(FontEntry(fname='/usr/share/fonts/truetype/fonts-telu-extra/vemana2000.ttf', name='Vemana2000', style='normal', variant='normal', weight=400, stretch='normal', size='scalable')) = 10.05
2022-10-10 21:13:41,328 DEBUG matplotlib.font_manager Thread-1 : findfont: score(FontEntry(fname='/usr/share/fonts/opentype/urw-base35/Z003-MediumItalic.otf', name='Z003', style='italic', variant='normal', weight=500, stretch='normal', size='scalable')) = 11.145
2022-10-10 21:13:41,328 DEBUG matplotlib.font_manager Thread-1 : findfont: score(FontEntry(fname='/usr/share/fonts/opentype/urw-base35/NimbusSans-BoldItalic.otf', name='Nimbus Sans', style='italic', variant='normal', weight=700, stretch='normal', size='scalable')) = 11.335
2022-10-10 21:13:41,328 DEBUG matplotlib.font_manager Thread-1 : findfont: score(FontEntry(fname='/usr/share/fonts/truetype/kacst/KacstBook.ttf', name='KacstBook', style='normal', variant='normal', weight=500, stretch='normal', size='scalable')) = 10.145
2022-10-10 21:13:41,328 DEBUG matplotlib.font_manager Thread-1 : findfont: score(FontEntry(fname='/usr/share/fonts/opentype/malayalam/Chilanka-Regular.otf', name='Chilanka', style='normal', variant='normal', weight=400, stretch='normal', size='scalable')) = 10.05
2022-10-10 21:13:41,328 DEBUG matplotlib.font_manager Thread-1 : findfont: score(FontEntry(fname='/usr/share/fonts/truetype/Gargi/Gargi.ttf', name='Gargi', style='normal', variant='normal', weight=400, stretch='normal', size='scalable')) = 10.05
2022-10-10 21:13:41,329 DEBUG matplotlib.font_manager Thread-1 : findfont: score(FontEntry(fname='/usr/share/fonts/opentype/mathjax/MathJax_Fraktur-Bold.otf', name='MathJax_Fraktur', style='normal', variant='normal', weight=700, stretch='normal', size='scalable')) = 10.335
2022-10-10 21:13:41,329 DEBUG matplotlib.font_manager Thread-1 : findfont: score(FontEntry(fname='/usr/share/fonts/truetype/tlwg/Purisa-Oblique.ttf', name='Purisa', style='oblique', variant='normal', weight=400, stretch='normal', size='scalable')) = 11.05
2022-10-10 21:13:41,329 DEBUG matplotlib.font_manager Thread-1 : findfont: score(FontEntry(fname='/usr/share/fonts/truetype/lyx/eufm10.ttf', name='eufm10', style='normal', variant='normal', weight=400, stretch='normal', size='scalable')) = 10.05
2022-10-10 21:13:41,329 DEBUG matplotlib.font_manager Thread-1 : findfont: score(FontEntry(fname='/usr/share/fonts/opentype/urw-base35/URWBookman-Light.otf', name='URW Bookman', style='normal', variant='normal', weight=300, stretch='normal', size='scalable')) = 10.145
2022-10-10 21:13:41,329 DEBUG matplotlib.font_manager Thread-1 : findfont: score(FontEntry(fname='/usr/share/fonts/opentype/urw-base35/StandardSymbolsPS.otf', name='Standard Symbols PS', style='normal', variant='normal', weight=400, stretch='normal', size='scalable')) = 10.05
2022-10-10 21:13:41,329 DEBUG matplotlib.font_manager Thread-1 : findfont: score(FontEntry(fname='/usr/share/fonts/truetype/fonts-gujr-extra/padmaa-Medium-0.5.ttf', name='padmaa', style='normal', variant='normal', weight=500, stretch='normal', size='scalable')) = 10.145
2022-10-10 21:13:41,329 DEBUG matplotlib.font_manager Thread-1 : findfont: score(FontEntry(fname='/usr/share/fonts/truetype/malayalam/Suruma.ttf', name='Suruma', style='normal', variant='normal', weight=500, stretch='normal', size='scalable')) = 10.145
2022-10-10 21:13:41,329 DEBUG matplotlib.font_manager Thread-1 : findfont: score(FontEntry(fname='/usr/share/fonts/truetype/Sarai/Sarai.ttf', name='Sarai', style='normal', variant='normal', weight=400, stretch='normal', size='scalable')) = 10.05
2022-10-10 21:13:41,329 DEBUG matplotlib.font_manager Thread-1 : findfont: score(FontEntry(fname='/usr/share/fonts/opentype/urw-base35/URWBookman-Demi.otf', name='URW Bookman', style='normal', variant='normal', weight=600, stretch='normal', size='scalable')) = 10.24
2022-10-10 21:13:41,329 DEBUG matplotlib.font_manager Thread-1 : findfont: score(FontEntry(fname='/usr/share/fonts/truetype/tlwg/Waree-Oblique.ttf', name='Waree', style='oblique', variant='normal', weight=400, stretch='normal', size='scalable')) = 11.05
2022-10-10 21:13:41,329 DEBUG matplotlib.font_manager Thread-1 : findfont: score(FontEntry(fname='/usr/share/fonts/truetype/liberation/LiberationMono-Regular.ttf', name='Liberation Mono', style='normal', variant='normal', weight=400, stretch='normal', size='scalable')) = 10.05
2022-10-10 21:13:41,329 DEBUG matplotlib.font_manager Thread-1 : findfont: score(FontEntry(fname='/usr/share/fonts/truetype/kacst-one/KacstOne-Bold.ttf', name='KacstOne', style='normal', variant='normal', weight=700, stretch='normal', size='scalable')) = 10.335
2022-10-10 21:13:41,330 DEBUG matplotlib.font_manager Thread-1 : findfont: score(FontEntry(fname='/usr/share/fonts/truetype/liberation/LiberationMono-Italic.ttf', name='Liberation Mono', style='italic', variant='normal', weight=400, stretch='normal', size='scalable')) = 11.05
2022-10-10 21:13:41,330 DEBUG matplotlib.font_manager Thread-1 : findfont: score(FontEntry(fname='/usr/share/fonts/truetype/dejavu/DejaVuSansMono-Bold.ttf', name='DejaVu Sans Mono', style='normal', variant='normal', weight=700, stretch='normal', size='scalable')) = 10.335
2022-10-10 21:13:41,330 DEBUG matplotlib.font_manager Thread-1 : findfont: score(FontEntry(fname='/usr/share/fonts/truetype/tlwg/Kinnari.ttf', name='Kinnari', style='normal', variant='normal', weight=400, stretch='normal', size='scalable')) = 10.05
2022-10-10 21:13:41,330 DEBUG matplotlib.font_manager Thread-1 : findfont: score(FontEntry(fname='/usr/share/fonts/opentype/mathjax/MathJax_SansSerif-Regular.otf', name='MathJax_SansSerif', style='normal', variant='normal', weight=400, stretch='normal', size='scalable')) = 10.05
2022-10-10 21:13:41,330 DEBUG matplotlib.font_manager Thread-1 : findfont: score(FontEntry(fname='/usr/share/fonts/opentype/urw-base35/URWBookman-DemiItalic.otf', name='URW Bookman', style='italic', variant='normal', weight=600, stretch='normal', size='scalable')) = 11.24
2022-10-10 21:13:41,330 DEBUG matplotlib.font_manager Thread-1 : findfont: score(FontEntry(fname='/usr/share/fonts/opentype/malayalam/Manjari-Bold.otf', name='Manjari', style='normal', variant='normal', weight=700, stretch='normal', size='scalable')) = 10.335
2022-10-10 21:13:41,330 DEBUG matplotlib.font_manager Thread-1 : findfont: score(FontEntry(fname='/usr/share/fonts/truetype/tlwg/Purisa-BoldOblique.ttf', name='Purisa', style='oblique', variant='normal', weight=700, stretch='normal', size='scalable')) = 11.335
2022-10-10 21:13:41,330 DEBUG matplotlib.font_manager Thread-1 : findfont: score(FontEntry(fname='/usr/share/fonts/truetype/fonts-deva-extra/chandas1-2.ttf', name='Chandas', style='normal', variant='normal', weight=400, stretch='normal', size='scalable')) = 10.05
2022-10-10 21:13:41,330 DEBUG matplotlib.font_manager Thread-1 : findfont: score(FontEntry(fname='/usr/share/fonts/opentype/mathjax/MathJax_Main-Italic.otf', name='MathJax_Main', style='italic', variant='normal', weight=400, stretch='normal', size='scalable')) = 11.05
2022-10-10 21:13:41,330 DEBUG matplotlib.font_manager Thread-1 : findfont: score(FontEntry(fname='/usr/share/fonts/truetype/tlwg/Kinnari-Oblique.ttf', name='Kinnari', style='oblique', variant='normal', weight=400, stretch='normal', size='scalable')) = 11.05
2022-10-10 21:13:41,330 DEBUG matplotlib.font_manager Thread-1 : findfont: score(FontEntry(fname='/usr/share/fonts/truetype/liberation2/LiberationSerif-BoldItalic.ttf', name='Liberation Serif', style='italic', variant='normal', weight=700, stretch='normal', size='scalable')) = 11.335
2022-10-10 21:13:41,330 DEBUG matplotlib.font_manager Thread-1 : findfont: score(FontEntry(fname='/usr/share/fonts/truetype/ubuntu/Ubuntu-BI.ttf', name='Ubuntu', style='italic', variant='normal', weight=700, stretch='normal', size='scalable')) = 11.335
2022-10-10 21:13:41,330 DEBUG matplotlib.font_manager Thread-1 : findfont: score(FontEntry(fname='/usr/share/fonts/truetype/liberation2/LiberationMono-BoldItalic.ttf', name='Liberation Mono', style='italic', variant='normal', weight=700, stretch='normal', size='scalable')) = 11.335
2022-10-10 21:13:41,330 DEBUG matplotlib.font_manager Thread-1 : findfont: score(FontEntry(fname='/usr/share/fonts/truetype/malayalam/AnjaliOldLipi-Regular.ttf', name='AnjaliOldLipi', style='normal', variant='normal', weight=400, stretch='normal', size='scalable')) = 10.05
2022-10-10 21:13:41,330 DEBUG matplotlib.font_manager Thread-1 : findfont: score(FontEntry(fname='/usr/share/fonts/truetype/tlwg/Norasi-BoldItalic.ttf', name='Norasi', style='italic', variant='normal', weight=700, stretch='normal', size='scalable')) = 11.335
2022-10-10 21:13:41,330 DEBUG matplotlib.font_manager Thread-1 : findfont: score(FontEntry(fname='/usr/share/fonts/truetype/fonts-gujr-extra/Rekha.ttf', name='Rekha', style='normal', variant='normal', weight=500, stretch='normal', size='scalable')) = 10.145
2022-10-10 21:13:41,330 DEBUG matplotlib.font_manager Thread-1 : findfont: score(FontEntry(fname='/usr/share/fonts/truetype/tibetan-machine/TibetanMachineUni.ttf', name='Tibetan Machine Uni', style='normal', variant='normal', weight=400, stretch='normal', size='scalable')) = 10.05
2022-10-10 21:13:41,330 DEBUG matplotlib.font_manager Thread-1 : findfont: score(FontEntry(fname='/usr/share/fonts/truetype/ttf-bitstream-vera/Vera.ttf', name='Bitstream Vera Sans', style='normal', variant='normal', weight=400, stretch='normal', size='scalable')) = 0.9590909090909092
2022-10-10 21:13:41,331 DEBUG matplotlib.font_manager Thread-1 : findfont: score(FontEntry(fname='/usr/share/fonts/truetype/kacst/KacstTitleL.ttf', name='KacstTitleL', style='normal', variant='normal', weight=400, stretch='normal', size='scalable')) = 10.05
2022-10-10 21:13:41,331 DEBUG matplotlib.font_manager Thread-1 : findfont: score(FontEntry(fname='/usr/share/fonts/truetype/dejavu/DejaVuSerif-Bold.ttf', name='DejaVu Serif', style='normal', variant='normal', weight=700, stretch='normal', size='scalable')) = 10.335
2022-10-10 21:13:41,331 DEBUG matplotlib.font_manager Thread-1 : findfont: score(FontEntry(fname='/usr/share/fonts/truetype/liberation2/LiberationSerif-Bold.ttf', name='Liberation Serif', style='normal', variant='normal', weight=700, stretch='normal', size='scalable')) = 10.335
2022-10-10 21:13:41,331 DEBUG matplotlib.font_manager Thread-1 : findfont: score(FontEntry(fname='/usr/share/fonts/opentype/mathjax/MathJax_Typewriter-Regular.otf', name='MathJax_Typewriter', style='normal', variant='normal', weight=400, stretch='normal', size='scalable')) = 10.05
2022-10-10 21:13:41,331 DEBUG matplotlib.font_manager Thread-1 : findfont: score(FontEntry(fname='/usr/share/fonts/truetype/lyx/cmmi10.ttf', name='cmmi10', style='normal', variant='normal', weight=400, stretch='normal', size='scalable')) = 10.05
2022-10-10 21:13:41,331 DEBUG matplotlib.font_manager Thread-1 : findfont: score(FontEntry(fname='/usr/share/fonts/truetype/tlwg/TlwgMono-BoldOblique.ttf', name='Tlwg Mono', style='oblique', variant='normal', weight=700, stretch='normal', size='scalable')) = 11.335
2022-10-10 21:13:41,331 DEBUG matplotlib.font_manager Thread-1 : findfont: score(FontEntry(fname='/usr/share/fonts/truetype/tlwg/TlwgMono-Oblique.ttf', name='Tlwg Mono', style='oblique', variant='normal', weight=400, stretch='normal', size='scalable')) = 11.05
2022-10-10 21:13:41,331 DEBUG matplotlib.font_manager Thread-1 : findfont: score(FontEntry(fname='/usr/share/fonts/truetype/kacst/KacstPen.ttf', name='KacstPen', style='normal', variant='normal', weight=500, stretch='normal', size='scalable')) = 10.145
2022-10-10 21:13:41,331 DEBUG matplotlib.font_manager Thread-1 : findfont: score(FontEntry(fname='/usr/share/fonts/truetype/liberation/LiberationSansNarrow-BoldItalic.ttf', name='Liberation Sans Narrow', style='italic', variant='normal', weight=700, stretch='condensed', size='scalable')) = 11.535
2022-10-10 21:13:41,331 DEBUG matplotlib.font_manager Thread-1 : findfont: score(FontEntry(fname='/usr/share/fonts/truetype/tlwg/Purisa.ttf', name='Purisa', style='normal', variant='normal', weight=400, stretch='normal', size='scalable')) = 10.05
2022-10-10 21:13:41,331 DEBUG matplotlib.font_manager Thread-1 : findfont: score(FontEntry(fname='/usr/share/fonts/truetype/fonts-kalapi/Kalapi.ttf', name='Kalapi', style='normal', variant='normal', weight=400, stretch='normal', size='scalable')) = 10.05
2022-10-10 21:13:41,331 DEBUG matplotlib.font_manager Thread-1 : findfont: score(FontEntry(fname='/usr/share/fonts/opentype/urw-base35/P052-Italic.otf', name='P052', style='italic', variant='normal', weight=400, stretch='normal', size='scalable')) = 11.05
2022-10-10 21:13:41,331 DEBUG matplotlib.font_manager Thread-1 : findfont: score(FontEntry(fname='/usr/share/fonts/opentype/mathjax/MathJax_WinChrome-Regular.otf', name='MathJax_WinChrome', style='normal', variant='normal', weight=400, stretch='normal', size='scalable')) = 10.05
2022-10-10 21:13:41,331 DEBUG matplotlib.font_manager Thread-1 : findfont: score(FontEntry(fname='/usr/share/fonts/truetype/fonts-yrsa-rasa/Yrsa-SemiBold.ttf', name='Yrsa', style='normal', variant='normal', weight=600, stretch='normal', size='scalable')) = 10.24
2022-10-10 21:13:41,331 DEBUG matplotlib.font_manager Thread-1 : findfont: score(FontEntry(fname='/usr/share/fonts/truetype/dejavu/DejaVuSans-Bold.ttf', name='DejaVu Sans', style='normal', variant='normal', weight=700, stretch='normal', size='scalable')) = 0.33499999999999996
2022-10-10 21:13:41,331 DEBUG matplotlib.font_manager Thread-1 : findfont: score(FontEntry(fname='/usr/share/fonts/truetype/tlwg/Sawasdee.ttf', name='Sawasdee', style='normal', variant='normal', weight=400, stretch='normal', size='scalable')) = 10.05
2022-10-10 21:13:41,331 DEBUG matplotlib.font_manager Thread-1 : findfont: score(FontEntry(fname='/usr/share/fonts/truetype/liberation2/LiberationSans-BoldItalic.ttf', name='Liberation Sans', style='italic', variant='normal', weight=700, stretch='normal', size='scalable')) = 11.335
2022-10-10 21:13:41,331 DEBUG matplotlib.font_manager Thread-1 : findfont: score(FontEntry(fname='/usr/share/fonts/truetype/tlwg/Umpush.ttf', name='Umpush', style='normal', variant='normal', weight=400, stretch='normal', size='scalable')) = 10.05
2022-10-10 21:13:41,332 DEBUG matplotlib.font_manager Thread-1 : findfont: score(FontEntry(fname='/usr/share/fonts/truetype/fonts-yrsa-rasa/Rasa-Regular.ttf', name='Rasa', style='normal', variant='normal', weight=400, stretch='normal', size='scalable')) = 10.05
2022-10-10 21:13:41,332 DEBUG matplotlib.font_manager Thread-1 : findfont: score(FontEntry(fname='/usr/share/fonts/truetype/kacst/KacstFarsi.ttf', name='KacstFarsi', style='normal', variant='normal', weight=500, stretch='normal', size='scalable')) = 10.145
2022-10-10 21:13:41,332 DEBUG matplotlib.font_manager Thread-1 : findfont: score(FontEntry(fname='/usr/share/fonts/truetype/tlwg/Norasi.ttf', name='Norasi', style='normal', variant='normal', weight=400, stretch='normal', size='scalable')) = 10.05
2022-10-10 21:13:41,332 DEBUG matplotlib.font_manager Thread-1 : findfont: score(FontEntry(fname='/usr/share/fonts/truetype/fonts-yrsa-rasa/Rasa-Light.ttf', name='Rasa', style='normal', variant='normal', weight=300, stretch='normal', size='scalable')) = 10.145
2022-10-10 21:13:41,332 DEBUG matplotlib.font_manager Thread-1 : findfont: score(FontEntry(fname='/usr/share/fonts/truetype/tlwg/TlwgTypewriter-Bold.ttf', name='Tlwg Typewriter', style='normal', variant='normal', weight=700, stretch='normal', size='scalable')) = 10.335
2022-10-10 21:13:41,332 DEBUG matplotlib.font_manager Thread-1 : findfont: score(FontEntry(fname='/usr/share/fonts/truetype/ubuntu/Ubuntu-LI.ttf', name='Ubuntu', style='italic', variant='normal', weight=300, stretch='normal', size='scalable')) = 11.145
2022-10-10 21:13:41,332 DEBUG matplotlib.font_manager Thread-1 : findfont: score(FontEntry(fname='/usr/share/fonts/truetype/ttf-bitstream-vera/VeraMoBI.ttf', name='Bitstream Vera Sans Mono', style='oblique', variant='normal', weight=700, stretch='normal', size='scalable')) = 11.335
2022-10-10 21:13:41,332 DEBUG matplotlib.font_manager Thread-1 : findfont: score(FontEntry(fname='/usr/share/fonts/opentype/malayalam/Gayathri-Regular.otf', name='Gayathri', style='normal', variant='normal', weight=400, stretch='normal', size='scalable')) = 10.05
2022-10-10 21:13:41,332 DEBUG matplotlib.font_manager Thread-1 : findfont: score(FontEntry(fname='/usr/share/fonts/truetype/kacst/KacstScreen.ttf', name='KacstScreen', style='normal', variant='normal', weight=500, stretch='normal', size='scalable')) = 10.145
2022-10-10 21:13:41,332 DEBUG matplotlib.font_manager Thread-1 : findfont: score(FontEntry(fname='/usr/share/fonts/truetype/tlwg/Kinnari-Italic.ttf', name='Kinnari', style='italic', variant='normal', weight=400, stretch='normal', size='scalable')) = 11.05
2022-10-10 21:13:41,332 DEBUG matplotlib.font_manager Thread-1 : findfont: score(FontEntry(fname='/usr/share/fonts/truetype/kacst/KacstDigital.ttf', name='KacstDigital', style='normal', variant='normal', weight=500, stretch='normal', size='scalable')) = 10.145
2022-10-10 21:13:41,332 DEBUG matplotlib.font_manager Thread-1 : findfont: score(FontEntry(fname='/usr/share/fonts/truetype/padauk/Padauk-Regular.ttf', name='Padauk', style='normal', variant='normal', weight=400, stretch='normal', size='scalable')) = 10.05
2022-10-10 21:13:41,332 DEBUG matplotlib.font_manager Thread-1 : findfont: score(FontEntry(fname='/usr/share/fonts/truetype/tlwg/Loma.ttf', name='Loma', style='normal', variant='normal', weight=400, stretch='normal', size='scalable')) = 10.05
2022-10-10 21:13:41,332 DEBUG matplotlib.font_manager Thread-1 : findfont: score(FontEntry(fname='/usr/share/fonts/truetype/noto/NotoMono-Regular.ttf', name='Noto Mono', style='normal', variant='normal', weight=400, stretch='normal', size='scalable')) = 10.05
2022-10-10 21:13:41,333 DEBUG matplotlib.font_manager Thread-1 : findfont: score(FontEntry(fname='/usr/share/fonts/truetype/liberation/LiberationSansNarrow-Bold.ttf', name='Liberation Sans Narrow', style='normal', variant='normal', weight=700, stretch='condensed', size='scalable')) = 10.535
2022-10-10 21:13:41,333 DEBUG matplotlib.font_manager Thread-1 : findfont: score(FontEntry(fname='/usr/share/fonts/truetype/padauk/Padauk-Bold.ttf', name='Padauk', style='normal', variant='normal', weight=700, stretch='normal', size='scalable')) = 10.335
2022-10-10 21:13:41,333 DEBUG matplotlib.font_manager Thread-1 : findfont: score(FontEntry(fname='/usr/share/fonts/opentype/urw-base35/URWGothic-Book.otf', name='URW Gothic', style='normal', variant='normal', weight=400, stretch='normal', size='scalable')) = 10.05
2022-10-10 21:13:41,333 DEBUG matplotlib.font_manager Thread-1 : findfont: score(FontEntry(fname='/usr/share/fonts/truetype/freefont/FreeMonoBoldOblique.ttf', name='FreeMono', style='oblique', variant='normal', weight=700, stretch='normal', size='scalable')) = 11.335
2022-10-10 21:13:41,333 DEBUG matplotlib.font_manager Thread-1 : findfont: score(FontEntry(fname='/usr/share/fonts/truetype/tlwg/Sawasdee-Oblique.ttf', name='Sawasdee', style='oblique', variant='normal', weight=400, stretch='normal', size='scalable')) = 11.05
2022-10-10 21:13:41,334 DEBUG matplotlib.font_manager Thread-1 : findfont: score(FontEntry(fname='/usr/share/fonts/opentype/malayalam/Gayathri-Bold.otf', name='Gayathri', style='normal', variant='normal', weight=700, stretch='normal', size='scalable')) = 10.335
2022-10-10 21:13:41,334 DEBUG matplotlib.font_manager Thread-1 : findfont: score(FontEntry(fname='/usr/share/fonts/truetype/samyak-fonts/Samyak-Malayalam.ttf', name='Samyak Malayalam', style='normal', variant='normal', weight=400, stretch='normal', size='scalable')) = 10.05
2022-10-10 21:13:41,334 DEBUG matplotlib.font_manager Thread-1 : findfont: score(FontEntry(fname='/usr/share/fonts/truetype/freefont/FreeSansBold.ttf', name='FreeSans', style='normal', variant='normal', weight=600, stretch='normal', size='scalable')) = 10.24
2022-10-10 21:13:41,334 DEBUG matplotlib.font_manager Thread-1 : findfont: score(FontEntry(fname='/usr/share/fonts/opentype/urw-base35/NimbusMonoPS-Regular.otf', name='Nimbus Mono PS', style='normal', variant='normal', weight=400, stretch='normal', size='scalable')) = 10.05
2022-10-10 21:13:41,334 DEBUG matplotlib.font_manager Thread-1 : findfont: score(FontEntry(fname='/usr/share/fonts/truetype/openoffice/opens___.ttf', name='OpenSymbol', style='normal', variant='normal', weight=400, stretch='normal', size='scalable')) = 10.05
2022-10-10 21:13:41,334 DEBUG matplotlib.font_manager Thread-1 : findfont: score(FontEntry(fname='/usr/share/fonts/truetype/ubuntu/Ubuntu-M.ttf', name='Ubuntu', style='normal', variant='normal', weight=500, stretch='normal', size='scalable')) = 10.145
2022-10-10 21:13:41,335 DEBUG matplotlib.font_manager Thread-1 : findfont: score(FontEntry(fname='/usr/share/fonts/opentype/urw-base35/NimbusMonoPS-Italic.otf', name='Nimbus Mono PS', style='italic', variant='normal', weight=400, stretch='normal', size='scalable')) = 11.05
2022-10-10 21:13:41,335 DEBUG matplotlib.font_manager Thread-1 : findfont: score(FontEntry(fname='/usr/share/fonts/truetype/freefont/FreeMono.ttf', name='FreeMono', style='normal', variant='normal', weight=400, stretch='normal', size='scalable')) = 10.05
2022-10-10 21:13:41,335 DEBUG matplotlib.font_manager Thread-1 : findfont: score(FontEntry(fname='/usr/share/fonts/truetype/liberation/LiberationSerif-Bold.ttf', name='Liberation Serif', style='normal', variant='normal', weight=700, stretch='normal', size='scalable')) = 10.335
2022-10-10 21:13:41,335 DEBUG matplotlib.font_manager Thread-1 : findfont: score(FontEntry(fname='/usr/share/fonts/truetype/fonts-beng-extra/ani.ttf', name='Ani', style='normal', variant='normal', weight=400, stretch='normal', size='scalable')) = 10.05
2022-10-10 21:13:41,335 DEBUG matplotlib.font_manager Thread-1 : findfont: score(FontEntry(fname='/usr/share/fonts/opentype/urw-base35/URWGothic-DemiOblique.otf', name='URW Gothic', style='oblique', variant='normal', weight=600, stretch='normal', size='scalable')) = 11.24
2022-10-10 21:13:41,335 DEBUG matplotlib.font_manager Thread-1 : findfont: score(FontEntry(fname='/usr/share/fonts/truetype/tlwg/Norasi-BoldOblique.ttf', name='Norasi', style='oblique', variant='normal', weight=700, stretch='normal', size='scalable')) = 11.335
2022-10-10 21:13:41,335 DEBUG matplotlib.font_manager Thread-1 : findfont: score(FontEntry(fname='/usr/share/fonts/truetype/liberation/LiberationSerif-BoldItalic.ttf', name='Liberation Serif', style='italic', variant='normal', weight=700, stretch='normal', size='scalable')) = 11.335
2022-10-10 21:13:41,335 DEBUG matplotlib.font_manager Thread-1 : findfont: score(FontEntry(fname='/usr/share/fonts/opentype/mathjax/MathJax_Math-BoldItalic.otf', name='MathJax_Math', style='italic', variant='normal', weight=700, stretch='normal', size='scalable')) = 11.335
2022-10-10 21:13:41,335 DEBUG matplotlib.font_manager Thread-1 : findfont: score(FontEntry(fname='/usr/share/fonts/truetype/lyx/cmex10.ttf', name='cmex10', style='normal', variant='normal', weight=400, stretch='normal', size='scalable')) = 10.05
2022-10-10 21:13:41,335 DEBUG matplotlib.font_manager Thread-1 : findfont: score(FontEntry(fname='/usr/share/fonts/truetype/tlwg/Loma-Bold.ttf', name='Loma', style='normal', variant='normal', weight=700, stretch='normal', size='scalable')) = 10.335
2022-10-10 21:13:41,336 DEBUG matplotlib.font_manager Thread-1 : findfont: score(FontEntry(fname='/usr/share/fonts/truetype/ttf-bitstream-vera/VeraBd.ttf', name='Bitstream Vera Sans', style='normal', variant='normal', weight=700, stretch='normal', size='scalable')) = 1.2440909090909091
2022-10-10 21:13:41,336 DEBUG matplotlib.font_manager Thread-1 : findfont: score(FontEntry(fname='/usr/share/fonts/opentype/urw-base35/D050000L.otf', name='D050000L', style='normal', variant='normal', weight=400, stretch='normal', size='scalable')) = 10.05
2022-10-10 21:13:41,336 DEBUG matplotlib.font_manager Thread-1 : findfont: score(FontEntry(fname='/usr/share/fonts/truetype/tlwg/TlwgTypewriter-Oblique.ttf', name='Tlwg Typewriter', style='oblique', variant='normal', weight=400, stretch='normal', size='scalable')) = 11.05
2022-10-10 21:13:41,336 DEBUG matplotlib.font_manager Thread-1 : findfont: score(FontEntry(fname='/usr/share/fonts/truetype/ttf-bitstream-vera/VeraMono.ttf', name='Bitstream Vera Sans Mono', style='normal', variant='normal', weight=400, stretch='normal', size='scalable')) = 10.05
2022-10-10 21:13:41,336 DEBUG matplotlib.font_manager Thread-1 : findfont: score(FontEntry(fname='/usr/share/fonts/truetype/kacst/KacstNaskh.ttf', name='KacstNaskh', style='normal', variant='normal', weight=500, stretch='normal', size='scalable')) = 10.145
2022-10-10 21:13:41,336 DEBUG matplotlib.font_manager Thread-1 : findfont: score(FontEntry(fname='/usr/share/fonts/truetype/fonts-yrsa-rasa/Rasa-Bold.ttf', name='Rasa', style='normal', variant='normal', weight=700, stretch='normal', size='scalable')) = 10.335
2022-10-10 21:13:41,336 DEBUG matplotlib.font_manager Thread-1 : findfont: score(FontEntry(fname='/usr/share/fonts/truetype/liberation2/LiberationSerif-Regular.ttf', name='Liberation Serif', style='normal', variant='normal', weight=400, stretch='normal', size='scalable')) = 10.05
2022-10-10 21:13:41,336 DEBUG matplotlib.font_manager Thread-1 : findfont: score(FontEntry(fname='/usr/share/fonts/opentype/urw-base35/C059-Italic.otf', name='C059', style='italic', variant='normal', weight=400, stretch='normal', size='scalable')) = 11.05
2022-10-10 21:13:41,336 DEBUG matplotlib.font_manager Thread-1 : findfont: score(FontEntry(fname='/usr/share/fonts/truetype/tlwg/TlwgTypist.ttf', name='Tlwg Typist', style='normal', variant='normal', weight=400, stretch='normal', size='scalable')) = 10.05
2022-10-10 21:13:41,336 DEBUG matplotlib.font_manager Thread-1 : findfont: score(FontEntry(fname='/usr/share/fonts/truetype/tlwg/Kinnari-BoldItalic.ttf', name='Kinnari', style='italic', variant='normal', weight=700, stretch='normal', size='scalable')) = 11.335
2022-10-10 21:13:41,336 DEBUG matplotlib.font_manager Thread-1 : findfont: score(FontEntry(fname='/usr/share/fonts/truetype/freefont/FreeSans.ttf', name='FreeSans', style='normal', variant='normal', weight=400, stretch='normal', size='scalable')) = 10.05
2022-10-10 21:13:41,336 DEBUG matplotlib.font_manager Thread-1 : findfont: score(FontEntry(fname='/usr/share/fonts/truetype/tlwg/Garuda.ttf', name='Garuda', style='normal', variant='normal', weight=400, stretch='normal', size='scalable')) = 10.05
2022-10-10 21:13:41,336 DEBUG matplotlib.font_manager Thread-1 : findfont: score(FontEntry(fname='/usr/share/fonts/truetype/freefont/FreeSerifBoldItalic.ttf', name='FreeSerif', style='italic', variant='normal', weight=700, stretch='normal', size='scalable')) = 11.335
2022-10-10 21:13:41,337 DEBUG matplotlib.font_manager Thread-1 : findfont: score(FontEntry(fname='/usr/share/fonts/truetype/lohit-malayalam/Lohit-Malayalam.ttf', name='Lohit Malayalam', style='normal', variant='normal', weight=400, stretch='normal', size='scalable')) = 10.05
2022-10-10 21:13:41,337 DEBUG matplotlib.font_manager Thread-1 : findfont: score(FontEntry(fname='/usr/share/fonts/truetype/kacst/KacstQurn.ttf', name='KacstQurn', style='normal', variant='normal', weight=400, stretch='normal', size='scalable')) = 10.05
2022-10-10 21:13:41,337 DEBUG matplotlib.font_manager Thread-1 : findfont: score(FontEntry(fname='/usr/share/fonts/opentype/mathjax/MathJax_WinIE6-Regular.otf', name='MathJax_WinIE6', style='normal', variant='normal', weight=400, stretch='normal', size='scalable')) = 10.05
2022-10-10 21:13:41,337 DEBUG matplotlib.font_manager Thread-1 : findfont: score(FontEntry(fname='/usr/share/fonts/truetype/Nakula/nakula.ttf', name='Nakula', style='normal', variant='normal', weight=400, stretch='normal', size='scalable')) = 10.05
2022-10-10 21:13:41,337 DEBUG matplotlib.font_manager Thread-1 : findfont: score(FontEntry(fname='/usr/share/fonts/opentype/noto/NotoSansCJK-Bold.ttc', name='Noto Sans CJK JP', style='normal', variant='normal', weight=700, stretch='normal', size='scalable')) = 10.335
2022-10-10 21:13:41,337 DEBUG matplotlib.font_manager Thread-1 : findfont: score(FontEntry(fname='/usr/share/fonts/opentype/mathjax/MathJax_Size4-Regular.otf', name='MathJax_Size4', style='normal', variant='normal', weight=400, stretch='normal', size='scalable')) = 10.05
2022-10-10 21:13:41,337 DEBUG matplotlib.font_manager Thread-1 : findfont: score(FontEntry(fname='/usr/share/fonts/truetype/Navilu/Navilu.ttf', name='Navilu', style='normal', variant='normal', weight=400, stretch='normal', size='scalable')) = 10.05
2022-10-10 21:13:41,337 DEBUG matplotlib.font_manager Thread-1 : findfont: score(FontEntry(fname='/usr/share/fonts/truetype/liberation/LiberationSansNarrow-Regular.ttf', name='Liberation Sans Narrow', style='normal', variant='normal', weight=400, stretch='condensed', size='scalable')) = 10.25
2022-10-10 21:13:41,338 DEBUG matplotlib.font_manager Thread-1 : findfont: score(FontEntry(fname='/usr/share/fonts/truetype/padauk/PadaukBook-Bold.ttf', name='Padauk Book', style='normal', variant='normal', weight=700, stretch='normal', size='scalable')) = 10.335
2022-10-10 21:13:41,338 DEBUG matplotlib.font_manager Thread-1 : findfont: score(FontEntry(fname='/usr/share/fonts/truetype/fonts-beng-extra/MuktiNarrowBold.ttf', name='Mukti Narrow', style='normal', variant='normal', weight=700, stretch='normal', size='scalable')) = 10.335
2022-10-10 21:13:41,338 DEBUG matplotlib.font_manager Thread-1 : findfont: score(FontEntry(fname='/usr/share/fonts/truetype/tlwg/Kinnari-BoldOblique.ttf', name='Kinnari', style='oblique', variant='normal', weight=700, stretch='normal', size='scalable')) = 11.335
2022-10-10 21:13:41,338 DEBUG matplotlib.font_manager Thread-1 : findfont: score(FontEntry(fname='/usr/share/fonts/truetype/freefont/FreeSansOblique.ttf', name='FreeSans', style='oblique', variant='normal', weight=400, stretch='normal', size='scalable')) = 11.05
2022-10-10 21:13:41,338 DEBUG matplotlib.font_manager Thread-1 : findfont: score(FontEntry(fname='/usr/share/fonts/truetype/ubuntu/UbuntuMono-B.ttf', name='Ubuntu Mono', style='normal', variant='normal', weight=700, stretch='normal', size='scalable')) = 10.335
2022-10-10 21:13:41,338 DEBUG matplotlib.font_manager Thread-1 : findfont: score(FontEntry(fname='/usr/share/fonts/truetype/fonts-gujr-extra/padmaa-Bold.1.1.ttf', name='padmaa-Bold.1.1', style='normal', variant='normal', weight=700, stretch='normal', size='scalable')) = 10.335
2022-10-10 21:13:41,338 DEBUG matplotlib.font_manager Thread-1 : findfont: score(FontEntry(fname='/usr/share/fonts/opentype/urw-base35/P052-BoldItalic.otf', name='P052', style='italic', variant='normal', weight=700, stretch='normal', size='scalable')) = 11.335
2022-10-10 21:13:41,338 DEBUG matplotlib.font_manager Thread-1 : findfont: score(FontEntry(fname='/usr/share/fonts/truetype/kacst/KacstArt.ttf', name='KacstArt', style='normal', variant='normal', weight=500, stretch='normal', size='scalable')) = 10.145
2022-10-10 21:13:41,338 DEBUG matplotlib.font_manager Thread-1 : findfont: score(FontEntry(fname='/usr/share/fonts/truetype/liberation/LiberationMono-Bold.ttf', name='Liberation Mono', style='normal', variant='normal', weight=700, stretch='normal', size='scalable')) = 10.335
2022-10-10 21:13:41,338 DEBUG matplotlib.font_manager Thread-1 : findfont: score(FontEntry(fname='/usr/share/fonts/truetype/tlwg/Waree-BoldOblique.ttf', name='Waree', style='oblique', variant='normal', weight=700, stretch='normal', size='scalable')) = 11.335
2022-10-10 21:13:41,338 DEBUG matplotlib.font_manager Thread-1 : findfont: score(FontEntry(fname='/usr/share/fonts/truetype/tlwg/Kinnari-Bold.ttf', name='Kinnari', style='normal', variant='normal', weight=700, stretch='normal', size='scalable')) = 10.335
2022-10-10 21:13:41,338 DEBUG matplotlib.font_manager Thread-1 : findfont: score(FontEntry(fname='/usr/share/fonts/truetype/fonts-yrsa-rasa/Yrsa-Bold.ttf', name='Yrsa', style='normal', variant='normal', weight=700, stretch='normal', size='scalable')) = 10.335
2022-10-10 21:13:41,338 DEBUG matplotlib.font_manager Thread-1 : findfont: score(FontEntry(fname='/usr/share/fonts/truetype/ttf-bitstream-vera/VeraMoBd.ttf', name='Bitstream Vera Sans Mono', style='normal', variant='normal', weight=700, stretch='normal', size='scalable')) = 10.335
2022-10-10 21:13:41,338 DEBUG matplotlib.font_manager Thread-1 : findfont: score(FontEntry(fname='/usr/share/fonts/truetype/tlwg/Umpush-Light.ttf', name='Umpush', style='normal', variant='normal', weight=300, stretch='normal', size='scalable')) = 10.145
2022-10-10 21:13:41,338 DEBUG matplotlib.font_manager Thread-1 : findfont: score(FontEntry(fname='/usr/share/fonts/truetype/malayalam/Uroob-Regular.ttf', name='Uroob', style='normal', variant='normal', weight=400, stretch='normal', size='scalable')) = 10.05
2022-10-10 21:13:41,338 DEBUG matplotlib.font_manager Thread-1 : findfont: score(FontEntry(fname='/usr/share/fonts/truetype/fonts-guru-extra/Saab.ttf', name='Saab', style='normal', variant='normal', weight=400, stretch='normal', size='scalable')) = 10.05
2022-10-10 21:13:41,338 DEBUG matplotlib.font_manager Thread-1 : findfont: score(FontEntry(fname='/usr/share/fonts/truetype/liberation2/LiberationSans-Regular.ttf', name='Liberation Sans', style='normal', variant='normal', weight=400, stretch='normal', size='scalable')) = 10.05
2022-10-10 21:13:41,338 DEBUG matplotlib.font_manager Thread-1 : findfont: score(FontEntry(fname='/usr/share/fonts/truetype/lohit-kannada/Lohit-Kannada.ttf', name='Lohit Kannada', style='normal', variant='normal', weight=400, stretch='normal', size='scalable')) = 10.05
2022-10-10 21:13:41,338 DEBUG matplotlib.font_manager Thread-1 : findfont: score(FontEntry(fname='/usr/share/fonts/opentype/urw-base35/NimbusSans-Regular.otf', name='Nimbus Sans', style='normal', variant='normal', weight=400, stretch='normal', size='scalable')) = 10.05
2022-10-10 21:13:41,338 DEBUG matplotlib.font_manager Thread-1 : findfont: score(FontEntry(fname='/usr/share/fonts/opentype/urw-base35/NimbusSans-Italic.otf', name='Nimbus Sans', style='italic', variant='normal', weight=400, stretch='normal', size='scalable')) = 11.05
2022-10-10 21:13:41,339 DEBUG matplotlib.font_manager Thread-1 : findfont: score(FontEntry(fname='/usr/share/fonts/truetype/lyx/esint10.ttf', name='esint10', style='normal', variant='normal', weight=400, stretch='normal', size='scalable')) = 10.05
2022-10-10 21:13:41,339 DEBUG matplotlib.font_manager Thread-1 : findfont: score(FontEntry(fname='/usr/share/fonts/truetype/fonts-orya-extra/utkal.ttf', name='ori1Uni', style='normal', variant='normal', weight=500, stretch='normal', size='scalable')) = 10.145
2022-10-10 21:13:41,339 DEBUG matplotlib.font_manager Thread-1 : findfont: score(FontEntry(fname='/usr/share/fonts/truetype/fonts-deva-extra/samanata.ttf', name='Samanata', style='normal', variant='normal', weight=400, stretch='normal', size='scalable')) = 10.05
2022-10-10 21:13:41,339 DEBUG matplotlib.font_manager Thread-1 : findfont: score(FontEntry(fname='/usr/share/fonts/truetype/ttf-khmeros-core/KhmerOSsys.ttf', name='Khmer OS System', style='normal', variant='normal', weight=400, stretch='normal', size='scalable')) = 10.05
2022-10-10 21:13:41,339 DEBUG matplotlib.font_manager Thread-1 : findfont: score(FontEntry(fname='/usr/share/fonts/truetype/lyx/rsfs10.ttf', name='rsfs10', style='italic', variant='normal', weight=400, stretch='normal', size='scalable')) = 11.05
2022-10-10 21:13:41,339 DEBUG matplotlib.font_manager Thread-1 : findfont: score(FontEntry(fname='/usr/share/fonts/truetype/fonts-beng-extra/MuktiNarrow.ttf', name='Mukti Narrow', style='normal', variant='normal', weight=400, stretch='normal', size='scalable')) = 10.05
2022-10-10 21:13:41,339 DEBUG matplotlib.font_manager Thread-1 : findfont: score(FontEntry(fname='/usr/share/fonts/opentype/urw-base35/NimbusSans-Bold.otf', name='Nimbus Sans', style='normal', variant='normal', weight=700, stretch='normal', size='scalable')) = 10.335
2022-10-10 21:13:41,339 DEBUG matplotlib.font_manager Thread-1 : findfont: score(FontEntry(fname='/usr/share/fonts/truetype/kacst/KacstDecorative.ttf', name='KacstDecorative', style='normal', variant='normal', weight=500, stretch='normal', size='scalable')) = 10.145
2022-10-10 21:13:41,339 DEBUG matplotlib.font_manager Thread-1 : findfont: score(FontEntry(fname='/usr/share/fonts/truetype/liberation/LiberationSansNarrow-Italic.ttf', name='Liberation Sans Narrow', style='italic', variant='normal', weight=400, stretch='condensed', size='scalable')) = 11.25
2022-10-10 21:13:41,339 DEBUG matplotlib.font_manager Thread-1 : findfont: Matching sans\-serif:style=normal:variant=normal:weight=normal:stretch=normal:size=10.0 to DejaVu Sans ('/home/toidface/.local/lib/python3.8/site-packages/matplotlib/mpl-data/fonts/ttf/DejaVuSans.ttf') with score of 0.050000.
2022-10-10 21:13:41,676 INFO werkzeug Thread-1 : 127.0.0.1 - - [10/Oct/2022 21:13:41] "GET / HTTP/1.1" 200 -
2022-10-10 21:13:42,777 INFO werkzeug Thread-3 : 127.0.0.1 - - [10/Oct/2022 21:13:42] "GET /get_areas HTTP/1.1" 200 -
2022-10-10 21:13:59,419 INFO werkzeug Thread-4 : 127.0.0.1 - - [10/Oct/2022 21:13:59] "GET /future HTTP/1.1" 200 -
2022-10-10 21:14:04,871 INFO werkzeug Thread-5 : 127.0.0.1 - - [10/Oct/2022 21:14:04] "GET /scatter_update_sold_table?data=396 HTTP/1.1" 200 -
2022-10-10 21:14:06,750 INFO werkzeug Thread-6 : 127.0.0.1 - - [10/Oct/2022 21:14:06] "GET /scatter_update_sold_table?data=396&data=2278 HTTP/1.1" 200 -
2022-10-10 21:14:07,297 INFO werkzeug Thread-7 : 127.0.0.1 - - [10/Oct/2022 21:14:07] "GET /scatter_update_sold_table?data=396&data=2278&data=2434 HTTP/1.1" 200 -
2022-10-10 21:14:07,699 INFO werkzeug Thread-8 : 127.0.0.1 - - [10/Oct/2022 21:14:07] "GET /scatter_update_sold_table?data=396&data=2278&data=2434&data=407 HTTP/1.1" 200 -
2022-10-10 21:14:08,056 INFO werkzeug Thread-9 : 127.0.0.1 - - [10/Oct/2022 21:14:08] "GET /scatter_update_sold_table?data=396&data=2278&data=2434&data=407&data=1961 HTTP/1.1" 200 -
